The system is: Linux - 5.15.0-142-generic - x86_64
Compiling the C compiler identification source file "CMakeCCompilerId.c" succeeded.
Compiler: /usr/bin/clang 
Build flags: 
Id flags:  

The output was:
0


Compilation of the C compiler identification source "CMakeCCompilerId.c" produced "a.out"

The C compiler identification is Clang, found in "/home/pablo/Escritorio/TFG-repo/build/CMakeFiles/3.22.1/CompilerIdC/a.out"

Compiling the CXX compiler identification source file "CMakeCXXCompilerId.cpp" succeeded.
Compiler: /usr/bin/clang++ 
Build flags: 
Id flags:  

The output was:
0


Compilation of the CXX compiler identification source "CMakeCXXCompilerId.cpp" produced "a.out"

The CXX compiler identification is Clang, found in "/home/pablo/Escritorio/TFG-repo/build/CMakeFiles/3.22.1/CompilerIdCXX/a.out"

Checking whether the ASM compiler is Clang using "--version" matched "(clang version)":
Ubuntu clang version 14.0.0-1ubuntu1.1
Target: x86_64-pc-linux-gnu
Thread model: posix
InstalledDir: /usr/bin
Detecting C compiler ABI info compiled with the following output:
Change Dir: /home/pablo/Escritorio/TFG-repo/build/CMakeFiles/CMakeTmp

Run Build Command(s):/usr/bin/gmake -f Makefile cmTC_52faa/fast && /usr/bin/gmake  -f CMakeFiles/cmTC_52faa.dir/build.make CMakeFiles/cmTC_52faa.dir/build
gmake[1]: Entering directory '/home/pablo/Escritorio/TFG-repo/build/CMakeFiles/CMakeTmp'
Building C object CMakeFiles/cmTC_52faa.dir/CMakeCCompilerABI.c.o
/usr/bin/clang   -v -MD -MT CMakeFiles/cmTC_52faa.dir/CMakeCCompilerABI.c.o -MF CMakeFiles/cmTC_52faa.dir/CMakeCCompilerABI.c.o.d -o CMakeFiles/cmTC_52faa.dir/CMakeCCompilerABI.c.o -c /usr/share/cmake-3.22/Modules/CMakeCCompilerABI.c
Ubuntu clang version 14.0.0-1ubuntu1.1
Target: x86_64-pc-linux-gnu
Thread model: posix
InstalledDir: /usr/bin
Found candidate GCC installation: /usr/bin/../lib/gcc/x86_64-linux-gnu/11
Found candidate GCC installation: /usr/bin/../lib/gcc/x86_64-linux-gnu/12
Found candidate GCC installation: /usr/bin/../lib/gcc/x86_64-linux-gnu/9
Selected GCC installation: /usr/bin/../lib/gcc/x86_64-linux-gnu/12
Candidate multilib: .;@m64
Selected multilib: .;@m64
 (in-process)
 "/usr/lib/llvm-14/bin/clang" -cc1 -triple x86_64-pc-linux-gnu -emit-obj -mrelax-all --mrelax-relocations -disable-free -clear-ast-before-backend -disable-llvm-verifier -discard-value-names -main-file-name CMakeCCompilerABI.c -mrelocation-model pic -pic-level 2 -pic-is-pie -mframe-pointer=all -fmath-errno -ffp-contract=on -fno-rounding-math -mconstructor-aliases -funwind-tables=2 -target-cpu x86-64 -tune-cpu generic -mllvm -treat-scalable-fixed-error-as-warning -debugger-tuning=gdb -v -fcoverage-compilation-dir=/home/pablo/Escritorio/TFG-repo/build/CMakeFiles/CMakeTmp -resource-dir /usr/lib/llvm-14/lib/clang/14.0.0 -dependency-file CMakeFiles/cmTC_52faa.dir/CMakeCCompilerABI.c.o.d -MT CMakeFiles/cmTC_52faa.dir/CMakeCCompilerABI.c.o -sys-header-deps -internal-isystem /usr/lib/llvm-14/lib/clang/14.0.0/include -internal-isystem /usr/local/include -internal-isystem /usr/bin/../lib/gcc/x86_64-linux-gnu/12/../../../../x86_64-linux-gnu/include -internal-externc-isystem /usr/include/x86_64-linux-gnu -internal-externc-isystem /include -internal-externc-isystem /usr/include -fdebug-compilation-dir=/home/pablo/Escritorio/TFG-repo/build/CMakeFiles/CMakeTmp -ferror-limit 19 -fgnuc-version=4.2.1 -faddrsig -D__GCC_HAVE_DWARF2_CFI_ASM=1 -o CMakeFiles/cmTC_52faa.dir/CMakeCCompilerABI.c.o -x c /usr/share/cmake-3.22/Modules/CMakeCCompilerABI.c
clang -cc1 version 14.0.0 based upon LLVM 14.0.0 default target x86_64-pc-linux-gnu
ignoring nonexistent directory "/usr/bin/../lib/gcc/x86_64-linux-gnu/12/../../../../x86_64-linux-gnu/include"
ignoring nonexistent directory "/include"
#include "..." search starts here:
#include <...> search starts here:
 /usr/lib/llvm-14/lib/clang/14.0.0/include
 /usr/local/include
 /usr/include/x86_64-linux-gnu
 /usr/include
End of search list.
Linking C executable cmTC_52faa
/usr/bin/cmake -E cmake_link_script CMakeFiles/cmTC_52faa.dir/link.txt --verbose=1
/usr/bin/clang  -v CMakeFiles/cmTC_52faa.dir/CMakeCCompilerABI.c.o -o cmTC_52faa 
Ubuntu clang version 14.0.0-1ubuntu1.1
Target: x86_64-pc-linux-gnu
Thread model: posix
InstalledDir: /usr/bin
Found candidate GCC installation: /usr/bin/../lib/gcc/x86_64-linux-gnu/11
Found candidate GCC installation: /usr/bin/../lib/gcc/x86_64-linux-gnu/12
Found candidate GCC installation: /usr/bin/../lib/gcc/x86_64-linux-gnu/9
Selected GCC installation: /usr/bin/../lib/gcc/x86_64-linux-gnu/12
Candidate multilib: .;@m64
Selected multilib: .;@m64
 "/usr/bin/ld" -pie -z relro --hash-style=gnu --build-id --eh-frame-hdr -m elf_x86_64 -dynamic-linker /lib64/ld-linux-x86-64.so.2 -o cmTC_52faa /lib/x86_64-linux-gnu/Scrt1.o /lib/x86_64-linux-gnu/crti.o /usr/bin/../lib/gcc/x86_64-linux-gnu/12/crtbeginS.o -L/usr/bin/../lib/gcc/x86_64-linux-gnu/12 -L/usr/bin/../lib/gcc/x86_64-linux-gnu/12/../../../../lib64 -L/lib/x86_64-linux-gnu -L/lib/../lib64 -L/usr/lib/x86_64-linux-gnu -L/usr/lib/../lib64 -L/usr/lib/llvm-14/bin/../lib -L/lib -L/usr/lib CMakeFiles/cmTC_52faa.dir/CMakeCCompilerABI.c.o -lgcc --as-needed -lgcc_s --no-as-needed -lc -lgcc --as-needed -lgcc_s --no-as-needed /usr/bin/../lib/gcc/x86_64-linux-gnu/12/crtendS.o /lib/x86_64-linux-gnu/crtn.o
gmake[1]: Leaving directory '/home/pablo/Escritorio/TFG-repo/build/CMakeFiles/CMakeTmp'



Parsed C implicit include dir info from above output: rv=done
  found start of include info
  found start of implicit include info
    add: [/usr/lib/llvm-14/lib/clang/14.0.0/include]
    add: [/usr/local/include]
    add: [/usr/include/x86_64-linux-gnu]
    add: [/usr/include]
  end of search list found
  collapse include dir [/usr/lib/llvm-14/lib/clang/14.0.0/include] ==> [/usr/lib/llvm-14/lib/clang/14.0.0/include]
  collapse include dir [/usr/local/include] ==> [/usr/local/include]
  collapse include dir [/usr/include/x86_64-linux-gnu] ==> [/usr/include/x86_64-linux-gnu]
  collapse include dir [/usr/include] ==> [/usr/include]
  implicit include dirs: [/usr/lib/llvm-14/lib/clang/14.0.0/include;/usr/local/include;/usr/include/x86_64-linux-gnu;/usr/include]


Parsed C implicit link information from above output:
  link line regex: [^( *|.*[/\])(ld|CMAKE_LINK_STARTFILE-NOTFOUND|([^/\]+-)?ld|collect2)[^/\]*( |$)]
  ignore line: [Change Dir: /home/pablo/Escritorio/TFG-repo/build/CMakeFiles/CMakeTmp]
  ignore line: []
  ignore line: [Run Build Command(s):/usr/bin/gmake -f Makefile cmTC_52faa/fast && /usr/bin/gmake  -f CMakeFiles/cmTC_52faa.dir/build.make CMakeFiles/cmTC_52faa.dir/build]
  ignore line: [gmake[1]: Entering directory '/home/pablo/Escritorio/TFG-repo/build/CMakeFiles/CMakeTmp']
  ignore line: [Building C object CMakeFiles/cmTC_52faa.dir/CMakeCCompilerABI.c.o]
  ignore line: [/usr/bin/clang   -v -MD -MT CMakeFiles/cmTC_52faa.dir/CMakeCCompilerABI.c.o -MF CMakeFiles/cmTC_52faa.dir/CMakeCCompilerABI.c.o.d -o CMakeFiles/cmTC_52faa.dir/CMakeCCompilerABI.c.o -c /usr/share/cmake-3.22/Modules/CMakeCCompilerABI.c]
  ignore line: [Ubuntu clang version 14.0.0-1ubuntu1.1]
  ignore line: [Target: x86_64-pc-linux-gnu]
  ignore line: [Thread model: posix]
  ignore line: [InstalledDir: /usr/bin]
  ignore line: [Found candidate GCC installation: /usr/bin/../lib/gcc/x86_64-linux-gnu/11]
  ignore line: [Found candidate GCC installation: /usr/bin/../lib/gcc/x86_64-linux-gnu/12]
  ignore line: [Found candidate GCC installation: /usr/bin/../lib/gcc/x86_64-linux-gnu/9]
  ignore line: [Selected GCC installation: /usr/bin/../lib/gcc/x86_64-linux-gnu/12]
  ignore line: [Candidate multilib: .]
  ignore line: [@m64]
  ignore line: [Selected multilib: .]
  ignore line: [@m64]
  ignore line: [ (in-process)]
  ignore line: [ "/usr/lib/llvm-14/bin/clang" -cc1 -triple x86_64-pc-linux-gnu -emit-obj -mrelax-all --mrelax-relocations -disable-free -clear-ast-before-backend -disable-llvm-verifier -discard-value-names -main-file-name CMakeCCompilerABI.c -mrelocation-model pic -pic-level 2 -pic-is-pie -mframe-pointer=all -fmath-errno -ffp-contract=on -fno-rounding-math -mconstructor-aliases -funwind-tables=2 -target-cpu x86-64 -tune-cpu generic -mllvm -treat-scalable-fixed-error-as-warning -debugger-tuning=gdb -v -fcoverage-compilation-dir=/home/pablo/Escritorio/TFG-repo/build/CMakeFiles/CMakeTmp -resource-dir /usr/lib/llvm-14/lib/clang/14.0.0 -dependency-file CMakeFiles/cmTC_52faa.dir/CMakeCCompilerABI.c.o.d -MT CMakeFiles/cmTC_52faa.dir/CMakeCCompilerABI.c.o -sys-header-deps -internal-isystem /usr/lib/llvm-14/lib/clang/14.0.0/include -internal-isystem /usr/local/include -internal-isystem /usr/bin/../lib/gcc/x86_64-linux-gnu/12/../../../../x86_64-linux-gnu/include -internal-externc-isystem /usr/include/x86_64-linux-gnu -internal-externc-isystem /include -internal-externc-isystem /usr/include -fdebug-compilation-dir=/home/pablo/Escritorio/TFG-repo/build/CMakeFiles/CMakeTmp -ferror-limit 19 -fgnuc-version=4.2.1 -faddrsig -D__GCC_HAVE_DWARF2_CFI_ASM=1 -o CMakeFiles/cmTC_52faa.dir/CMakeCCompilerABI.c.o -x c /usr/share/cmake-3.22/Modules/CMakeCCompilerABI.c]
  ignore line: [clang -cc1 version 14.0.0 based upon LLVM 14.0.0 default target x86_64-pc-linux-gnu]
  ignore line: [ignoring nonexistent directory "/usr/bin/../lib/gcc/x86_64-linux-gnu/12/../../../../x86_64-linux-gnu/include"]
  ignore line: [ignoring nonexistent directory "/include"]
  ignore line: [#include "..." search starts here:]
  ignore line: [#include <...> search starts here:]
  ignore line: [ /usr/lib/llvm-14/lib/clang/14.0.0/include]
  ignore line: [ /usr/local/include]
  ignore line: [ /usr/include/x86_64-linux-gnu]
  ignore line: [ /usr/include]
  ignore line: [End of search list.]
  ignore line: [Linking C executable cmTC_52faa]
  ignore line: [/usr/bin/cmake -E cmake_link_script CMakeFiles/cmTC_52faa.dir/link.txt --verbose=1]
  ignore line: [/usr/bin/clang  -v CMakeFiles/cmTC_52faa.dir/CMakeCCompilerABI.c.o -o cmTC_52faa ]
  ignore line: [Ubuntu clang version 14.0.0-1ubuntu1.1]
  ignore line: [Target: x86_64-pc-linux-gnu]
  ignore line: [Thread model: posix]
  ignore line: [InstalledDir: /usr/bin]
  ignore line: [Found candidate GCC installation: /usr/bin/../lib/gcc/x86_64-linux-gnu/11]
  ignore line: [Found candidate GCC installation: /usr/bin/../lib/gcc/x86_64-linux-gnu/12]
  ignore line: [Found candidate GCC installation: /usr/bin/../lib/gcc/x86_64-linux-gnu/9]
  ignore line: [Selected GCC installation: /usr/bin/../lib/gcc/x86_64-linux-gnu/12]
  ignore line: [Candidate multilib: .]
  ignore line: [@m64]
  ignore line: [Selected multilib: .]
  ignore line: [@m64]
  link line: [ "/usr/bin/ld" -pie -z relro --hash-style=gnu --build-id --eh-frame-hdr -m elf_x86_64 -dynamic-linker /lib64/ld-linux-x86-64.so.2 -o cmTC_52faa /lib/x86_64-linux-gnu/Scrt1.o /lib/x86_64-linux-gnu/crti.o /usr/bin/../lib/gcc/x86_64-linux-gnu/12/crtbeginS.o -L/usr/bin/../lib/gcc/x86_64-linux-gnu/12 -L/usr/bin/../lib/gcc/x86_64-linux-gnu/12/../../../../lib64 -L/lib/x86_64-linux-gnu -L/lib/../lib64 -L/usr/lib/x86_64-linux-gnu -L/usr/lib/../lib64 -L/usr/lib/llvm-14/bin/../lib -L/lib -L/usr/lib CMakeFiles/cmTC_52faa.dir/CMakeCCompilerABI.c.o -lgcc --as-needed -lgcc_s --no-as-needed -lc -lgcc --as-needed -lgcc_s --no-as-needed /usr/bin/../lib/gcc/x86_64-linux-gnu/12/crtendS.o /lib/x86_64-linux-gnu/crtn.o]
    arg [/usr/bin/ld] ==> ignore
    arg [-pie] ==> ignore
    arg [-zrelro] ==> ignore
    arg [--hash-style=gnu] ==> ignore
    arg [--build-id] ==> ignore
    arg [--eh-frame-hdr] ==> ignore
    arg [-m] ==> ignore
    arg [elf_x86_64] ==> ignore
    arg [-dynamic-linker] ==> ignore
    arg [/lib64/ld-linux-x86-64.so.2] ==> ignore
    arg [-o] ==> ignore
    arg [cmTC_52faa] ==> ignore
    arg [/lib/x86_64-linux-gnu/Scrt1.o] ==> obj [/lib/x86_64-linux-gnu/Scrt1.o]
    arg [/lib/x86_64-linux-gnu/crti.o] ==> obj [/lib/x86_64-linux-gnu/crti.o]
    arg [/usr/bin/../lib/gcc/x86_64-linux-gnu/12/crtbeginS.o] ==> obj [/usr/bin/../lib/gcc/x86_64-linux-gnu/12/crtbeginS.o]
    arg [-L/usr/bin/../lib/gcc/x86_64-linux-gnu/12] ==> dir [/usr/bin/../lib/gcc/x86_64-linux-gnu/12]
    arg [-L/usr/bin/../lib/gcc/x86_64-linux-gnu/12/../../../../lib64] ==> dir [/usr/bin/../lib/gcc/x86_64-linux-gnu/12/../../../../lib64]
    arg [-L/lib/x86_64-linux-gnu] ==> dir [/lib/x86_64-linux-gnu]
    arg [-L/lib/../lib64] ==> dir [/lib/../lib64]
    arg [-L/usr/lib/x86_64-linux-gnu] ==> dir [/usr/lib/x86_64-linux-gnu]
    arg [-L/usr/lib/../lib64] ==> dir [/usr/lib/../lib64]
    arg [-L/usr/lib/llvm-14/bin/../lib] ==> dir [/usr/lib/llvm-14/bin/../lib]
    arg [-L/lib] ==> dir [/lib]
    arg [-L/usr/lib] ==> dir [/usr/lib]
    arg [CMakeFiles/cmTC_52faa.dir/CMakeCCompilerABI.c.o] ==> ignore
    arg [-lgcc] ==> lib [gcc]
    arg [--as-needed] ==> ignore
    arg [-lgcc_s] ==> lib [gcc_s]
    arg [--no-as-needed] ==> ignore
    arg [-lc] ==> lib [c]
    arg [-lgcc] ==> lib [gcc]
    arg [--as-needed] ==> ignore
    arg [-lgcc_s] ==> lib [gcc_s]
    arg [--no-as-needed] ==> ignore
    arg [/usr/bin/../lib/gcc/x86_64-linux-gnu/12/crtendS.o] ==> obj [/usr/bin/../lib/gcc/x86_64-linux-gnu/12/crtendS.o]
    arg [/lib/x86_64-linux-gnu/crtn.o] ==> obj [/lib/x86_64-linux-gnu/crtn.o]
  collapse obj [/usr/bin/../lib/gcc/x86_64-linux-gnu/12/crtbeginS.o] ==> [/usr/lib/gcc/x86_64-linux-gnu/12/crtbeginS.o]
  collapse obj [/usr/bin/../lib/gcc/x86_64-linux-gnu/12/crtendS.o] ==> [/usr/lib/gcc/x86_64-linux-gnu/12/crtendS.o]
  collapse library dir [/usr/bin/../lib/gcc/x86_64-linux-gnu/12] ==> [/usr/lib/gcc/x86_64-linux-gnu/12]
  collapse library dir [/usr/bin/../lib/gcc/x86_64-linux-gnu/12/../../../../lib64] ==> [/usr/lib64]
  collapse library dir [/lib/x86_64-linux-gnu] ==> [/lib/x86_64-linux-gnu]
  collapse library dir [/lib/../lib64] ==> [/lib64]
  collapse library dir [/usr/lib/x86_64-linux-gnu] ==> [/usr/lib/x86_64-linux-gnu]
  collapse library dir [/usr/lib/../lib64] ==> [/usr/lib64]
  collapse library dir [/usr/lib/llvm-14/bin/../lib] ==> [/usr/lib/llvm-14/lib]
  collapse library dir [/lib] ==> [/lib]
  collapse library dir [/usr/lib] ==> [/usr/lib]
  implicit libs: [gcc;gcc_s;c;gcc;gcc_s]
  implicit objs: [/lib/x86_64-linux-gnu/Scrt1.o;/lib/x86_64-linux-gnu/crti.o;/usr/lib/gcc/x86_64-linux-gnu/12/crtbeginS.o;/usr/lib/gcc/x86_64-linux-gnu/12/crtendS.o;/lib/x86_64-linux-gnu/crtn.o]
  implicit dirs: [/usr/lib/gcc/x86_64-linux-gnu/12;/usr/lib64;/lib/x86_64-linux-gnu;/lib64;/usr/lib/x86_64-linux-gnu;/usr/lib/llvm-14/lib;/lib;/usr/lib]
  implicit fwks: []


Detecting CXX compiler ABI info compiled with the following output:
Change Dir: /home/pablo/Escritorio/TFG-repo/build/CMakeFiles/CMakeTmp

Run Build Command(s):/usr/bin/gmake -f Makefile cmTC_1b241/fast && /usr/bin/gmake  -f CMakeFiles/cmTC_1b241.dir/build.make CMakeFiles/cmTC_1b241.dir/build
gmake[1]: Entering directory '/home/pablo/Escritorio/TFG-repo/build/CMakeFiles/CMakeTmp'
Building CXX object CMakeFiles/cmTC_1b241.dir/CMakeCXXCompilerABI.cpp.o
/usr/bin/clang++   -v -MD -MT CMakeFiles/cmTC_1b241.dir/CMakeCXXCompilerABI.cpp.o -MF CMakeFiles/cmTC_1b241.dir/CMakeCXXCompilerABI.cpp.o.d -o CMakeFiles/cmTC_1b241.dir/CMakeCXXCompilerABI.cpp.o -c /usr/share/cmake-3.22/Modules/CMakeCXXCompilerABI.cpp
Ubuntu clang version 14.0.0-1ubuntu1.1
Target: x86_64-pc-linux-gnu
Thread model: posix
InstalledDir: /usr/bin
Found candidate GCC installation: /usr/bin/../lib/gcc/x86_64-linux-gnu/11
Found candidate GCC installation: /usr/bin/../lib/gcc/x86_64-linux-gnu/12
Found candidate GCC installation: /usr/bin/../lib/gcc/x86_64-linux-gnu/9
Selected GCC installation: /usr/bin/../lib/gcc/x86_64-linux-gnu/12
Candidate multilib: .;@m64
Selected multilib: .;@m64
 (in-process)
 "/usr/lib/llvm-14/bin/clang" -cc1 -triple x86_64-pc-linux-gnu -emit-obj -mrelax-all --mrelax-relocations -disable-free -clear-ast-before-backend -disable-llvm-verifier -discard-value-names -main-file-name CMakeCXXCompilerABI.cpp -mrelocation-model pic -pic-level 2 -pic-is-pie -mframe-pointer=all -fmath-errno -ffp-contract=on -fno-rounding-math -mconstructor-aliases -funwind-tables=2 -target-cpu x86-64 -tune-cpu generic -mllvm -treat-scalable-fixed-error-as-warning -debugger-tuning=gdb -v -fcoverage-compilation-dir=/home/pablo/Escritorio/TFG-repo/build/CMakeFiles/CMakeTmp -resource-dir /usr/lib/llvm-14/lib/clang/14.0.0 -dependency-file CMakeFiles/cmTC_1b241.dir/CMakeCXXCompilerABI.cpp.o.d -MT CMakeFiles/cmTC_1b241.dir/CMakeCXXCompilerABI.cpp.o -sys-header-deps -internal-isystem /usr/bin/../lib/gcc/x86_64-linux-gnu/12/../../../../include/c++/12 -internal-isystem /usr/bin/../lib/gcc/x86_64-linux-gnu/12/../../../../include/x86_64-linux-gnu/c++/12 -internal-isystem /usr/bin/../lib/gcc/x86_64-linux-gnu/12/../../../../include/c++/12/backward -internal-isystem /usr/lib/llvm-14/lib/clang/14.0.0/include -internal-isystem /usr/local/include -internal-isystem /usr/bin/../lib/gcc/x86_64-linux-gnu/12/../../../../x86_64-linux-gnu/include -internal-externc-isystem /usr/include/x86_64-linux-gnu -internal-externc-isystem /include -internal-externc-isystem /usr/include -fdeprecated-macro -fdebug-compilation-dir=/home/pablo/Escritorio/TFG-repo/build/CMakeFiles/CMakeTmp -ferror-limit 19 -fgnuc-version=4.2.1 -fcxx-exceptions -fexceptions -faddrsig -D__GCC_HAVE_DWARF2_CFI_ASM=1 -o CMakeFiles/cmTC_1b241.dir/CMakeCXXCompilerABI.cpp.o -x c++ /usr/share/cmake-3.22/Modules/CMakeCXXCompilerABI.cpp
clang -cc1 version 14.0.0 based upon LLVM 14.0.0 default target x86_64-pc-linux-gnu
ignoring nonexistent directory "/usr/bin/../lib/gcc/x86_64-linux-gnu/12/../../../../x86_64-linux-gnu/include"
ignoring nonexistent directory "/include"
#include "..." search starts here:
#include <...> search starts here:
 /usr/bin/../lib/gcc/x86_64-linux-gnu/12/../../../../include/c++/12
 /usr/bin/../lib/gcc/x86_64-linux-gnu/12/../../../../include/x86_64-linux-gnu/c++/12
 /usr/bin/../lib/gcc/x86_64-linux-gnu/12/../../../../include/c++/12/backward
 /usr/lib/llvm-14/lib/clang/14.0.0/include
 /usr/local/include
 /usr/include/x86_64-linux-gnu
 /usr/include
End of search list.
Linking CXX executable cmTC_1b241
/usr/bin/cmake -E cmake_link_script CMakeFiles/cmTC_1b241.dir/link.txt --verbose=1
/usr/bin/clang++  -v CMakeFiles/cmTC_1b241.dir/CMakeCXXCompilerABI.cpp.o -o cmTC_1b241 
Ubuntu clang version 14.0.0-1ubuntu1.1
Target: x86_64-pc-linux-gnu
Thread model: posix
InstalledDir: /usr/bin
Found candidate GCC installation: /usr/bin/../lib/gcc/x86_64-linux-gnu/11
Found candidate GCC installation: /usr/bin/../lib/gcc/x86_64-linux-gnu/12
Found candidate GCC installation: /usr/bin/../lib/gcc/x86_64-linux-gnu/9
Selected GCC installation: /usr/bin/../lib/gcc/x86_64-linux-gnu/12
Candidate multilib: .;@m64
Selected multilib: .;@m64
 "/usr/bin/ld" -pie -z relro --hash-style=gnu --build-id --eh-frame-hdr -m elf_x86_64 -dynamic-linker /lib64/ld-linux-x86-64.so.2 -o cmTC_1b241 /lib/x86_64-linux-gnu/Scrt1.o /lib/x86_64-linux-gnu/crti.o /usr/bin/../lib/gcc/x86_64-linux-gnu/12/crtbeginS.o -L/usr/bin/../lib/gcc/x86_64-linux-gnu/12 -L/usr/bin/../lib/gcc/x86_64-linux-gnu/12/../../../../lib64 -L/lib/x86_64-linux-gnu -L/lib/../lib64 -L/usr/lib/x86_64-linux-gnu -L/usr/lib/../lib64 -L/usr/lib/llvm-14/bin/../lib -L/lib -L/usr/lib CMakeFiles/cmTC_1b241.dir/CMakeCXXCompilerABI.cpp.o -lstdc++ -lm -lgcc_s -lgcc -lc -lgcc_s -lgcc /usr/bin/../lib/gcc/x86_64-linux-gnu/12/crtendS.o /lib/x86_64-linux-gnu/crtn.o
gmake[1]: Leaving directory '/home/pablo/Escritorio/TFG-repo/build/CMakeFiles/CMakeTmp'



Parsed CXX implicit include dir info from above output: rv=done
  found start of include info
  found start of implicit include info
    add: [/usr/bin/../lib/gcc/x86_64-linux-gnu/12/../../../../include/c++/12]
    add: [/usr/bin/../lib/gcc/x86_64-linux-gnu/12/../../../../include/x86_64-linux-gnu/c++/12]
    add: [/usr/bin/../lib/gcc/x86_64-linux-gnu/12/../../../../include/c++/12/backward]
    add: [/usr/lib/llvm-14/lib/clang/14.0.0/include]
    add: [/usr/local/include]
    add: [/usr/include/x86_64-linux-gnu]
    add: [/usr/include]
  end of search list found
  collapse include dir [/usr/bin/../lib/gcc/x86_64-linux-gnu/12/../../../../include/c++/12] ==> [/usr/include/c++/12]
  collapse include dir [/usr/bin/../lib/gcc/x86_64-linux-gnu/12/../../../../include/x86_64-linux-gnu/c++/12] ==> [/usr/include/x86_64-linux-gnu/c++/12]
  collapse include dir [/usr/bin/../lib/gcc/x86_64-linux-gnu/12/../../../../include/c++/12/backward] ==> [/usr/include/c++/12/backward]
  collapse include dir [/usr/lib/llvm-14/lib/clang/14.0.0/include] ==> [/usr/lib/llvm-14/lib/clang/14.0.0/include]
  collapse include dir [/usr/local/include] ==> [/usr/local/include]
  collapse include dir [/usr/include/x86_64-linux-gnu] ==> [/usr/include/x86_64-linux-gnu]
  collapse include dir [/usr/include] ==> [/usr/include]
  implicit include dirs: [/usr/include/c++/12;/usr/include/x86_64-linux-gnu/c++/12;/usr/include/c++/12/backward;/usr/lib/llvm-14/lib/clang/14.0.0/include;/usr/local/include;/usr/include/x86_64-linux-gnu;/usr/include]


Parsed CXX implicit link information from above output:
  link line regex: [^( *|.*[/\])(ld|CMAKE_LINK_STARTFILE-NOTFOUND|([^/\]+-)?ld|collect2)[^/\]*( |$)]
  ignore line: [Change Dir: /home/pablo/Escritorio/TFG-repo/build/CMakeFiles/CMakeTmp]
  ignore line: []
  ignore line: [Run Build Command(s):/usr/bin/gmake -f Makefile cmTC_1b241/fast && /usr/bin/gmake  -f CMakeFiles/cmTC_1b241.dir/build.make CMakeFiles/cmTC_1b241.dir/build]
  ignore line: [gmake[1]: Entering directory '/home/pablo/Escritorio/TFG-repo/build/CMakeFiles/CMakeTmp']
  ignore line: [Building CXX object CMakeFiles/cmTC_1b241.dir/CMakeCXXCompilerABI.cpp.o]
  ignore line: [/usr/bin/clang++   -v -MD -MT CMakeFiles/cmTC_1b241.dir/CMakeCXXCompilerABI.cpp.o -MF CMakeFiles/cmTC_1b241.dir/CMakeCXXCompilerABI.cpp.o.d -o CMakeFiles/cmTC_1b241.dir/CMakeCXXCompilerABI.cpp.o -c /usr/share/cmake-3.22/Modules/CMakeCXXCompilerABI.cpp]
  ignore line: [Ubuntu clang version 14.0.0-1ubuntu1.1]
  ignore line: [Target: x86_64-pc-linux-gnu]
  ignore line: [Thread model: posix]
  ignore line: [InstalledDir: /usr/bin]
  ignore line: [Found candidate GCC installation: /usr/bin/../lib/gcc/x86_64-linux-gnu/11]
  ignore line: [Found candidate GCC installation: /usr/bin/../lib/gcc/x86_64-linux-gnu/12]
  ignore line: [Found candidate GCC installation: /usr/bin/../lib/gcc/x86_64-linux-gnu/9]
  ignore line: [Selected GCC installation: /usr/bin/../lib/gcc/x86_64-linux-gnu/12]
  ignore line: [Candidate multilib: .]
  ignore line: [@m64]
  ignore line: [Selected multilib: .]
  ignore line: [@m64]
  ignore line: [ (in-process)]
  ignore line: [ "/usr/lib/llvm-14/bin/clang" -cc1 -triple x86_64-pc-linux-gnu -emit-obj -mrelax-all --mrelax-relocations -disable-free -clear-ast-before-backend -disable-llvm-verifier -discard-value-names -main-file-name CMakeCXXCompilerABI.cpp -mrelocation-model pic -pic-level 2 -pic-is-pie -mframe-pointer=all -fmath-errno -ffp-contract=on -fno-rounding-math -mconstructor-aliases -funwind-tables=2 -target-cpu x86-64 -tune-cpu generic -mllvm -treat-scalable-fixed-error-as-warning -debugger-tuning=gdb -v -fcoverage-compilation-dir=/home/pablo/Escritorio/TFG-repo/build/CMakeFiles/CMakeTmp -resource-dir /usr/lib/llvm-14/lib/clang/14.0.0 -dependency-file CMakeFiles/cmTC_1b241.dir/CMakeCXXCompilerABI.cpp.o.d -MT CMakeFiles/cmTC_1b241.dir/CMakeCXXCompilerABI.cpp.o -sys-header-deps -internal-isystem /usr/bin/../lib/gcc/x86_64-linux-gnu/12/../../../../include/c++/12 -internal-isystem /usr/bin/../lib/gcc/x86_64-linux-gnu/12/../../../../include/x86_64-linux-gnu/c++/12 -internal-isystem /usr/bin/../lib/gcc/x86_64-linux-gnu/12/../../../../include/c++/12/backward -internal-isystem /usr/lib/llvm-14/lib/clang/14.0.0/include -internal-isystem /usr/local/include -internal-isystem /usr/bin/../lib/gcc/x86_64-linux-gnu/12/../../../../x86_64-linux-gnu/include -internal-externc-isystem /usr/include/x86_64-linux-gnu -internal-externc-isystem /include -internal-externc-isystem /usr/include -fdeprecated-macro -fdebug-compilation-dir=/home/pablo/Escritorio/TFG-repo/build/CMakeFiles/CMakeTmp -ferror-limit 19 -fgnuc-version=4.2.1 -fcxx-exceptions -fexceptions -faddrsig -D__GCC_HAVE_DWARF2_CFI_ASM=1 -o CMakeFiles/cmTC_1b241.dir/CMakeCXXCompilerABI.cpp.o -x c++ /usr/share/cmake-3.22/Modules/CMakeCXXCompilerABI.cpp]
  ignore line: [clang -cc1 version 14.0.0 based upon LLVM 14.0.0 default target x86_64-pc-linux-gnu]
  ignore line: [ignoring nonexistent directory "/usr/bin/../lib/gcc/x86_64-linux-gnu/12/../../../../x86_64-linux-gnu/include"]
  ignore line: [ignoring nonexistent directory "/include"]
  ignore line: [#include "..." search starts here:]
  ignore line: [#include <...> search starts here:]
  ignore line: [ /usr/bin/../lib/gcc/x86_64-linux-gnu/12/../../../../include/c++/12]
  ignore line: [ /usr/bin/../lib/gcc/x86_64-linux-gnu/12/../../../../include/x86_64-linux-gnu/c++/12]
  ignore line: [ /usr/bin/../lib/gcc/x86_64-linux-gnu/12/../../../../include/c++/12/backward]
  ignore line: [ /usr/lib/llvm-14/lib/clang/14.0.0/include]
  ignore line: [ /usr/local/include]
  ignore line: [ /usr/include/x86_64-linux-gnu]
  ignore line: [ /usr/include]
  ignore line: [End of search list.]
  ignore line: [Linking CXX executable cmTC_1b241]
  ignore line: [/usr/bin/cmake -E cmake_link_script CMakeFiles/cmTC_1b241.dir/link.txt --verbose=1]
  ignore line: [/usr/bin/clang++  -v CMakeFiles/cmTC_1b241.dir/CMakeCXXCompilerABI.cpp.o -o cmTC_1b241 ]
  ignore line: [Ubuntu clang version 14.0.0-1ubuntu1.1]
  ignore line: [Target: x86_64-pc-linux-gnu]
  ignore line: [Thread model: posix]
  ignore line: [InstalledDir: /usr/bin]
  ignore line: [Found candidate GCC installation: /usr/bin/../lib/gcc/x86_64-linux-gnu/11]
  ignore line: [Found candidate GCC installation: /usr/bin/../lib/gcc/x86_64-linux-gnu/12]
  ignore line: [Found candidate GCC installation: /usr/bin/../lib/gcc/x86_64-linux-gnu/9]
  ignore line: [Selected GCC installation: /usr/bin/../lib/gcc/x86_64-linux-gnu/12]
  ignore line: [Candidate multilib: .]
  ignore line: [@m64]
  ignore line: [Selected multilib: .]
  ignore line: [@m64]
  link line: [ "/usr/bin/ld" -pie -z relro --hash-style=gnu --build-id --eh-frame-hdr -m elf_x86_64 -dynamic-linker /lib64/ld-linux-x86-64.so.2 -o cmTC_1b241 /lib/x86_64-linux-gnu/Scrt1.o /lib/x86_64-linux-gnu/crti.o /usr/bin/../lib/gcc/x86_64-linux-gnu/12/crtbeginS.o -L/usr/bin/../lib/gcc/x86_64-linux-gnu/12 -L/usr/bin/../lib/gcc/x86_64-linux-gnu/12/../../../../lib64 -L/lib/x86_64-linux-gnu -L/lib/../lib64 -L/usr/lib/x86_64-linux-gnu -L/usr/lib/../lib64 -L/usr/lib/llvm-14/bin/../lib -L/lib -L/usr/lib CMakeFiles/cmTC_1b241.dir/CMakeCXXCompilerABI.cpp.o -lstdc++ -lm -lgcc_s -lgcc -lc -lgcc_s -lgcc /usr/bin/../lib/gcc/x86_64-linux-gnu/12/crtendS.o /lib/x86_64-linux-gnu/crtn.o]
    arg [/usr/bin/ld] ==> ignore
    arg [-pie] ==> ignore
    arg [-zrelro] ==> ignore
    arg [--hash-style=gnu] ==> ignore
    arg [--build-id] ==> ignore
    arg [--eh-frame-hdr] ==> ignore
    arg [-m] ==> ignore
    arg [elf_x86_64] ==> ignore
    arg [-dynamic-linker] ==> ignore
    arg [/lib64/ld-linux-x86-64.so.2] ==> ignore
    arg [-o] ==> ignore
    arg [cmTC_1b241] ==> ignore
    arg [/lib/x86_64-linux-gnu/Scrt1.o] ==> obj [/lib/x86_64-linux-gnu/Scrt1.o]
    arg [/lib/x86_64-linux-gnu/crti.o] ==> obj [/lib/x86_64-linux-gnu/crti.o]
    arg [/usr/bin/../lib/gcc/x86_64-linux-gnu/12/crtbeginS.o] ==> obj [/usr/bin/../lib/gcc/x86_64-linux-gnu/12/crtbeginS.o]
    arg [-L/usr/bin/../lib/gcc/x86_64-linux-gnu/12] ==> dir [/usr/bin/../lib/gcc/x86_64-linux-gnu/12]
    arg [-L/usr/bin/../lib/gcc/x86_64-linux-gnu/12/../../../../lib64] ==> dir [/usr/bin/../lib/gcc/x86_64-linux-gnu/12/../../../../lib64]
    arg [-L/lib/x86_64-linux-gnu] ==> dir [/lib/x86_64-linux-gnu]
    arg [-L/lib/../lib64] ==> dir [/lib/../lib64]
    arg [-L/usr/lib/x86_64-linux-gnu] ==> dir [/usr/lib/x86_64-linux-gnu]
    arg [-L/usr/lib/../lib64] ==> dir [/usr/lib/../lib64]
    arg [-L/usr/lib/llvm-14/bin/../lib] ==> dir [/usr/lib/llvm-14/bin/../lib]
    arg [-L/lib] ==> dir [/lib]
    arg [-L/usr/lib] ==> dir [/usr/lib]
    arg [CMakeFiles/cmTC_1b241.dir/CMakeCXXCompilerABI.cpp.o] ==> ignore
    arg [-lstdc++] ==> lib [stdc++]
    arg [-lm] ==> lib [m]
    arg [-lgcc_s] ==> lib [gcc_s]
    arg [-lgcc] ==> lib [gcc]
    arg [-lc] ==> lib [c]
    arg [-lgcc_s] ==> lib [gcc_s]
    arg [-lgcc] ==> lib [gcc]
    arg [/usr/bin/../lib/gcc/x86_64-linux-gnu/12/crtendS.o] ==> obj [/usr/bin/../lib/gcc/x86_64-linux-gnu/12/crtendS.o]
    arg [/lib/x86_64-linux-gnu/crtn.o] ==> obj [/lib/x86_64-linux-gnu/crtn.o]
  collapse obj [/usr/bin/../lib/gcc/x86_64-linux-gnu/12/crtbeginS.o] ==> [/usr/lib/gcc/x86_64-linux-gnu/12/crtbeginS.o]
  collapse obj [/usr/bin/../lib/gcc/x86_64-linux-gnu/12/crtendS.o] ==> [/usr/lib/gcc/x86_64-linux-gnu/12/crtendS.o]
  collapse library dir [/usr/bin/../lib/gcc/x86_64-linux-gnu/12] ==> [/usr/lib/gcc/x86_64-linux-gnu/12]
  collapse library dir [/usr/bin/../lib/gcc/x86_64-linux-gnu/12/../../../../lib64] ==> [/usr/lib64]
  collapse library dir [/lib/x86_64-linux-gnu] ==> [/lib/x86_64-linux-gnu]
  collapse library dir [/lib/../lib64] ==> [/lib64]
  collapse library dir [/usr/lib/x86_64-linux-gnu] ==> [/usr/lib/x86_64-linux-gnu]
  collapse library dir [/usr/lib/../lib64] ==> [/usr/lib64]
  collapse library dir [/usr/lib/llvm-14/bin/../lib] ==> [/usr/lib/llvm-14/lib]
  collapse library dir [/lib] ==> [/lib]
  collapse library dir [/usr/lib] ==> [/usr/lib]
  implicit libs: [stdc++;m;gcc_s;gcc;c;gcc_s;gcc]
  implicit objs: [/lib/x86_64-linux-gnu/Scrt1.o;/lib/x86_64-linux-gnu/crti.o;/usr/lib/gcc/x86_64-linux-gnu/12/crtbeginS.o;/usr/lib/gcc/x86_64-linux-gnu/12/crtendS.o;/lib/x86_64-linux-gnu/crtn.o]
  implicit dirs: [/usr/lib/gcc/x86_64-linux-gnu/12;/usr/lib64;/lib/x86_64-linux-gnu;/lib64;/usr/lib/x86_64-linux-gnu;/usr/lib/llvm-14/lib;/lib;/usr/lib]
  implicit fwks: []


Performing C++ SOURCE FILE Test OPENMP_HAVE_WALL_FLAG succeeded with the following output:
Change Dir: /home/pablo/Escritorio/TFG-repo/build/CMakeFiles/CMakeTmp

Run Build Command(s):/usr/bin/gmake -f Makefile cmTC_79071/fast && /usr/bin/gmake  -f CMakeFiles/cmTC_79071.dir/build.make CMakeFiles/cmTC_79071.dir/build
gmake[1]: Entering directory '/home/pablo/Escritorio/TFG-repo/build/CMakeFiles/CMakeTmp'
Building CXX object CMakeFiles/cmTC_79071.dir/src.cxx.o
/usr/bin/clang++ -DOPENMP_HAVE_WALL_FLAG  -Wall -std=c++17 -MD -MT CMakeFiles/cmTC_79071.dir/src.cxx.o -MF CMakeFiles/cmTC_79071.dir/src.cxx.o.d -o CMakeFiles/cmTC_79071.dir/src.cxx.o -c /home/pablo/Escritorio/TFG-repo/build/CMakeFiles/CMakeTmp/src.cxx
Linking CXX executable cmTC_79071
/usr/bin/cmake -E cmake_link_script CMakeFiles/cmTC_79071.dir/link.txt --verbose=1
/usr/bin/clang++ CMakeFiles/cmTC_79071.dir/src.cxx.o -o cmTC_79071 
gmake[1]: Leaving directory '/home/pablo/Escritorio/TFG-repo/build/CMakeFiles/CMakeTmp'


Source file was:
int main() { return 0; }
Performing C++ SOURCE FILE Test OPENMP_HAVE_WERROR_FLAG succeeded with the following output:
Change Dir: /home/pablo/Escritorio/TFG-repo/build/CMakeFiles/CMakeTmp

Run Build Command(s):/usr/bin/gmake -f Makefile cmTC_2325a/fast && /usr/bin/gmake  -f CMakeFiles/cmTC_2325a.dir/build.make CMakeFiles/cmTC_2325a.dir/build
gmake[1]: Entering directory '/home/pablo/Escritorio/TFG-repo/build/CMakeFiles/CMakeTmp'
Building CXX object CMakeFiles/cmTC_2325a.dir/src.cxx.o
/usr/bin/clang++ -DOPENMP_HAVE_WERROR_FLAG  -Werror -std=c++17 -MD -MT CMakeFiles/cmTC_2325a.dir/src.cxx.o -MF CMakeFiles/cmTC_2325a.dir/src.cxx.o.d -o CMakeFiles/cmTC_2325a.dir/src.cxx.o -c /home/pablo/Escritorio/TFG-repo/build/CMakeFiles/CMakeTmp/src.cxx
Linking CXX executable cmTC_2325a
/usr/bin/cmake -E cmake_link_script CMakeFiles/cmTC_2325a.dir/link.txt --verbose=1
/usr/bin/clang++ CMakeFiles/cmTC_2325a.dir/src.cxx.o -o cmTC_2325a 
gmake[1]: Leaving directory '/home/pablo/Escritorio/TFG-repo/build/CMakeFiles/CMakeTmp'


Source file was:
int main() { return 0; }
Performing C++ SOURCE FILE Test OPENMP_HAVE_COLOR_DIAGNOSTICS succeeded with the following output:
Change Dir: /home/pablo/Escritorio/TFG-repo/build/CMakeFiles/CMakeTmp

Run Build Command(s):/usr/bin/gmake -f Makefile cmTC_a9ce0/fast && /usr/bin/gmake  -f CMakeFiles/cmTC_a9ce0.dir/build.make CMakeFiles/cmTC_a9ce0.dir/build
gmake[1]: Entering directory '/home/pablo/Escritorio/TFG-repo/build/CMakeFiles/CMakeTmp'
Building CXX object CMakeFiles/cmTC_a9ce0.dir/src.cxx.o
/usr/bin/clang++ -DOPENMP_HAVE_COLOR_DIAGNOSTICS  -fcolor-diagnostics -std=c++17 -MD -MT CMakeFiles/cmTC_a9ce0.dir/src.cxx.o -MF CMakeFiles/cmTC_a9ce0.dir/src.cxx.o.d -o CMakeFiles/cmTC_a9ce0.dir/src.cxx.o -c /home/pablo/Escritorio/TFG-repo/build/CMakeFiles/CMakeTmp/src.cxx
Linking CXX executable cmTC_a9ce0
/usr/bin/cmake -E cmake_link_script CMakeFiles/cmTC_a9ce0.dir/link.txt --verbose=1
/usr/bin/clang++ CMakeFiles/cmTC_a9ce0.dir/src.cxx.o -o cmTC_a9ce0 
gmake[1]: Leaving directory '/home/pablo/Escritorio/TFG-repo/build/CMakeFiles/CMakeTmp'


Source file was:
int main() { return 0; }
Performing C++ SOURCE FILE Test OPENMP_HAVE_WCAST_QUAL_FLAG succeeded with the following output:
Change Dir: /home/pablo/Escritorio/TFG-repo/build/CMakeFiles/CMakeTmp

Run Build Command(s):/usr/bin/gmake -f Makefile cmTC_69c31/fast && /usr/bin/gmake  -f CMakeFiles/cmTC_69c31.dir/build.make CMakeFiles/cmTC_69c31.dir/build
gmake[1]: Entering directory '/home/pablo/Escritorio/TFG-repo/build/CMakeFiles/CMakeTmp'
Building CXX object CMakeFiles/cmTC_69c31.dir/src.cxx.o
/usr/bin/clang++ -DOPENMP_HAVE_WCAST_QUAL_FLAG  -Wcast-qual -std=c++17 -MD -MT CMakeFiles/cmTC_69c31.dir/src.cxx.o -MF CMakeFiles/cmTC_69c31.dir/src.cxx.o.d -o CMakeFiles/cmTC_69c31.dir/src.cxx.o -c /home/pablo/Escritorio/TFG-repo/build/CMakeFiles/CMakeTmp/src.cxx
Linking CXX executable cmTC_69c31
/usr/bin/cmake -E cmake_link_script CMakeFiles/cmTC_69c31.dir/link.txt --verbose=1
/usr/bin/clang++ CMakeFiles/cmTC_69c31.dir/src.cxx.o -o cmTC_69c31 
gmake[1]: Leaving directory '/home/pablo/Escritorio/TFG-repo/build/CMakeFiles/CMakeTmp'


Source file was:
int main() { return 0; }
Performing C++ SOURCE FILE Test OPENMP_HAVE_WFORMAT_PEDANTIC_FLAG succeeded with the following output:
Change Dir: /home/pablo/Escritorio/TFG-repo/build/CMakeFiles/CMakeTmp

Run Build Command(s):/usr/bin/gmake -f Makefile cmTC_64af2/fast && /usr/bin/gmake  -f CMakeFiles/cmTC_64af2.dir/build.make CMakeFiles/cmTC_64af2.dir/build
gmake[1]: Entering directory '/home/pablo/Escritorio/TFG-repo/build/CMakeFiles/CMakeTmp'
Building CXX object CMakeFiles/cmTC_64af2.dir/src.cxx.o
/usr/bin/clang++ -DOPENMP_HAVE_WFORMAT_PEDANTIC_FLAG  -Wformat-pedantic -std=c++17 -MD -MT CMakeFiles/cmTC_64af2.dir/src.cxx.o -MF CMakeFiles/cmTC_64af2.dir/src.cxx.o.d -o CMakeFiles/cmTC_64af2.dir/src.cxx.o -c /home/pablo/Escritorio/TFG-repo/build/CMakeFiles/CMakeTmp/src.cxx
Linking CXX executable cmTC_64af2
/usr/bin/cmake -E cmake_link_script CMakeFiles/cmTC_64af2.dir/link.txt --verbose=1
/usr/bin/clang++ CMakeFiles/cmTC_64af2.dir/src.cxx.o -o cmTC_64af2 
gmake[1]: Leaving directory '/home/pablo/Escritorio/TFG-repo/build/CMakeFiles/CMakeTmp'


Source file was:
int main() { return 0; }
Performing C++ SOURCE FILE Test OPENMP_HAVE_WIMPLICIT_FALLTHROUGH_FLAG succeeded with the following output:
Change Dir: /home/pablo/Escritorio/TFG-repo/build/CMakeFiles/CMakeTmp

Run Build Command(s):/usr/bin/gmake -f Makefile cmTC_8f07b/fast && /usr/bin/gmake  -f CMakeFiles/cmTC_8f07b.dir/build.make CMakeFiles/cmTC_8f07b.dir/build
gmake[1]: Entering directory '/home/pablo/Escritorio/TFG-repo/build/CMakeFiles/CMakeTmp'
Building CXX object CMakeFiles/cmTC_8f07b.dir/src.cxx.o
/usr/bin/clang++ -DOPENMP_HAVE_WIMPLICIT_FALLTHROUGH_FLAG  -Wimplicit-fallthrough -std=c++17 -MD -MT CMakeFiles/cmTC_8f07b.dir/src.cxx.o -MF CMakeFiles/cmTC_8f07b.dir/src.cxx.o.d -o CMakeFiles/cmTC_8f07b.dir/src.cxx.o -c /home/pablo/Escritorio/TFG-repo/build/CMakeFiles/CMakeTmp/src.cxx
Linking CXX executable cmTC_8f07b
/usr/bin/cmake -E cmake_link_script CMakeFiles/cmTC_8f07b.dir/link.txt --verbose=1
/usr/bin/clang++ CMakeFiles/cmTC_8f07b.dir/src.cxx.o -o cmTC_8f07b 
gmake[1]: Leaving directory '/home/pablo/Escritorio/TFG-repo/build/CMakeFiles/CMakeTmp'


Source file was:
int main() { return 0; }
Performing C++ SOURCE FILE Test OPENMP_HAVE_WSIGN_COMPARE_FLAG succeeded with the following output:
Change Dir: /home/pablo/Escritorio/TFG-repo/build/CMakeFiles/CMakeTmp

Run Build Command(s):/usr/bin/gmake -f Makefile cmTC_e412a/fast && /usr/bin/gmake  -f CMakeFiles/cmTC_e412a.dir/build.make CMakeFiles/cmTC_e412a.dir/build
gmake[1]: Entering directory '/home/pablo/Escritorio/TFG-repo/build/CMakeFiles/CMakeTmp'
Building CXX object CMakeFiles/cmTC_e412a.dir/src.cxx.o
/usr/bin/clang++ -DOPENMP_HAVE_WSIGN_COMPARE_FLAG  -Wsign-compare -std=c++17 -MD -MT CMakeFiles/cmTC_e412a.dir/src.cxx.o -MF CMakeFiles/cmTC_e412a.dir/src.cxx.o.d -o CMakeFiles/cmTC_e412a.dir/src.cxx.o -c /home/pablo/Escritorio/TFG-repo/build/CMakeFiles/CMakeTmp/src.cxx
Linking CXX executable cmTC_e412a
/usr/bin/cmake -E cmake_link_script CMakeFiles/cmTC_e412a.dir/link.txt --verbose=1
/usr/bin/clang++ CMakeFiles/cmTC_e412a.dir/src.cxx.o -o cmTC_e412a 
gmake[1]: Leaving directory '/home/pablo/Escritorio/TFG-repo/build/CMakeFiles/CMakeTmp'


Source file was:
int main() { return 0; }
Performing C++ SOURCE FILE Test OPENMP_HAVE_WEXTRA_FLAG succeeded with the following output:
Change Dir: /home/pablo/Escritorio/TFG-repo/build/CMakeFiles/CMakeTmp

Run Build Command(s):/usr/bin/gmake -f Makefile cmTC_cf421/fast && /usr/bin/gmake  -f CMakeFiles/cmTC_cf421.dir/build.make CMakeFiles/cmTC_cf421.dir/build
gmake[1]: Entering directory '/home/pablo/Escritorio/TFG-repo/build/CMakeFiles/CMakeTmp'
Building CXX object CMakeFiles/cmTC_cf421.dir/src.cxx.o
/usr/bin/clang++ -DOPENMP_HAVE_WEXTRA_FLAG  -Wextra -std=c++17 -MD -MT CMakeFiles/cmTC_cf421.dir/src.cxx.o -MF CMakeFiles/cmTC_cf421.dir/src.cxx.o.d -o CMakeFiles/cmTC_cf421.dir/src.cxx.o -c /home/pablo/Escritorio/TFG-repo/build/CMakeFiles/CMakeTmp/src.cxx
Linking CXX executable cmTC_cf421
/usr/bin/cmake -E cmake_link_script CMakeFiles/cmTC_cf421.dir/link.txt --verbose=1
/usr/bin/clang++ CMakeFiles/cmTC_cf421.dir/src.cxx.o -o cmTC_cf421 
gmake[1]: Leaving directory '/home/pablo/Escritorio/TFG-repo/build/CMakeFiles/CMakeTmp'


Source file was:
int main() { return 0; }
Performing C++ SOURCE FILE Test OPENMP_HAVE_WPEDANTIC_FLAG succeeded with the following output:
Change Dir: /home/pablo/Escritorio/TFG-repo/build/CMakeFiles/CMakeTmp

Run Build Command(s):/usr/bin/gmake -f Makefile cmTC_2466e/fast && /usr/bin/gmake  -f CMakeFiles/cmTC_2466e.dir/build.make CMakeFiles/cmTC_2466e.dir/build
gmake[1]: Entering directory '/home/pablo/Escritorio/TFG-repo/build/CMakeFiles/CMakeTmp'
Building CXX object CMakeFiles/cmTC_2466e.dir/src.cxx.o
/usr/bin/clang++ -DOPENMP_HAVE_WPEDANTIC_FLAG  -Wpedantic -std=c++17 -MD -MT CMakeFiles/cmTC_2466e.dir/src.cxx.o -MF CMakeFiles/cmTC_2466e.dir/src.cxx.o.d -o CMakeFiles/cmTC_2466e.dir/src.cxx.o -c /home/pablo/Escritorio/TFG-repo/build/CMakeFiles/CMakeTmp/src.cxx
Linking CXX executable cmTC_2466e
/usr/bin/cmake -E cmake_link_script CMakeFiles/cmTC_2466e.dir/link.txt --verbose=1
/usr/bin/clang++ CMakeFiles/cmTC_2466e.dir/src.cxx.o -o cmTC_2466e 
gmake[1]: Leaving directory '/home/pablo/Escritorio/TFG-repo/build/CMakeFiles/CMakeTmp'


Source file was:
int main() { return 0; }
Performing C++ SOURCE FILE Test OPENMP_HAVE_NO_SEMANTIC_INTERPOSITION succeeded with the following output:
Change Dir: /home/pablo/Escritorio/TFG-repo/build/CMakeFiles/CMakeTmp

Run Build Command(s):/usr/bin/gmake -f Makefile cmTC_95391/fast && /usr/bin/gmake  -f CMakeFiles/cmTC_95391.dir/build.make CMakeFiles/cmTC_95391.dir/build
gmake[1]: Entering directory '/home/pablo/Escritorio/TFG-repo/build/CMakeFiles/CMakeTmp'
Building CXX object CMakeFiles/cmTC_95391.dir/src.cxx.o
/usr/bin/clang++ -DOPENMP_HAVE_NO_SEMANTIC_INTERPOSITION  -fno-semantic-interposition -std=c++17 -MD -MT CMakeFiles/cmTC_95391.dir/src.cxx.o -MF CMakeFiles/cmTC_95391.dir/src.cxx.o.d -o CMakeFiles/cmTC_95391.dir/src.cxx.o -c /home/pablo/Escritorio/TFG-repo/build/CMakeFiles/CMakeTmp/src.cxx
Linking CXX executable cmTC_95391
/usr/bin/cmake -E cmake_link_script CMakeFiles/cmTC_95391.dir/link.txt --verbose=1
/usr/bin/clang++ CMakeFiles/cmTC_95391.dir/src.cxx.o -o cmTC_95391 
gmake[1]: Leaving directory '/home/pablo/Escritorio/TFG-repo/build/CMakeFiles/CMakeTmp'


Source file was:
int main() { return 0; }
Performing C++ SOURCE FILE Test OPENMP_HAVE_DATA_SECTIONS succeeded with the following output:
Change Dir: /home/pablo/Escritorio/TFG-repo/build/CMakeFiles/CMakeTmp

Run Build Command(s):/usr/bin/gmake -f Makefile cmTC_1144e/fast && /usr/bin/gmake  -f CMakeFiles/cmTC_1144e.dir/build.make CMakeFiles/cmTC_1144e.dir/build
gmake[1]: Entering directory '/home/pablo/Escritorio/TFG-repo/build/CMakeFiles/CMakeTmp'
Building CXX object CMakeFiles/cmTC_1144e.dir/src.cxx.o
/usr/bin/clang++ -DOPENMP_HAVE_DATA_SECTIONS  -fdata-sections -std=c++17 -MD -MT CMakeFiles/cmTC_1144e.dir/src.cxx.o -MF CMakeFiles/cmTC_1144e.dir/src.cxx.o.d -o CMakeFiles/cmTC_1144e.dir/src.cxx.o -c /home/pablo/Escritorio/TFG-repo/build/CMakeFiles/CMakeTmp/src.cxx
Linking CXX executable cmTC_1144e
/usr/bin/cmake -E cmake_link_script CMakeFiles/cmTC_1144e.dir/link.txt --verbose=1
/usr/bin/clang++ CMakeFiles/cmTC_1144e.dir/src.cxx.o -o cmTC_1144e 
gmake[1]: Leaving directory '/home/pablo/Escritorio/TFG-repo/build/CMakeFiles/CMakeTmp'


Source file was:
int main() { return 0; }
Performing C++ SOURCE FILE Test LIBOMP_HAVE_FNO_EXCEPTIONS_FLAG succeeded with the following output:
Change Dir: /home/pablo/Escritorio/TFG-repo/build/CMakeFiles/CMakeTmp

Run Build Command(s):/usr/bin/gmake -f Makefile cmTC_087ec/fast && /usr/bin/gmake  -f CMakeFiles/cmTC_087ec.dir/build.make CMakeFiles/cmTC_087ec.dir/build
gmake[1]: Entering directory '/home/pablo/Escritorio/TFG-repo/build/CMakeFiles/CMakeTmp'
Building CXX object CMakeFiles/cmTC_087ec.dir/src.cxx.o
/usr/bin/clang++ -DLIBOMP_HAVE_FNO_EXCEPTIONS_FLAG  -Wall -fcolor-diagnostics -Wcast-qual -Wformat-pedantic -Wimplicit-fallthrough -Wsign-compare -Wno-extra -Wno-pedantic -fno-semantic-interposition -fdata-sections    -fno-exceptions -std=c++17 -MD -MT CMakeFiles/cmTC_087ec.dir/src.cxx.o -MF CMakeFiles/cmTC_087ec.dir/src.cxx.o.d -o CMakeFiles/cmTC_087ec.dir/src.cxx.o -c /home/pablo/Escritorio/TFG-repo/build/CMakeFiles/CMakeTmp/src.cxx
Linking CXX executable cmTC_087ec
/usr/bin/cmake -E cmake_link_script CMakeFiles/cmTC_087ec.dir/link.txt --verbose=1
/usr/bin/clang++  -Wall -fcolor-diagnostics -Wcast-qual -Wformat-pedantic -Wimplicit-fallthrough -Wsign-compare -Wno-extra -Wno-pedantic -fno-semantic-interposition -fdata-sections  CMakeFiles/cmTC_087ec.dir/src.cxx.o -o cmTC_087ec 
gmake[1]: Leaving directory '/home/pablo/Escritorio/TFG-repo/build/CMakeFiles/CMakeTmp'


Source file was:
int main() { return 0; }
Performing C++ SOURCE FILE Test LIBOMP_HAVE_FNO_RTTI_FLAG succeeded with the following output:
Change Dir: /home/pablo/Escritorio/TFG-repo/build/CMakeFiles/CMakeTmp

Run Build Command(s):/usr/bin/gmake -f Makefile cmTC_2204f/fast && /usr/bin/gmake  -f CMakeFiles/cmTC_2204f.dir/build.make CMakeFiles/cmTC_2204f.dir/build
gmake[1]: Entering directory '/home/pablo/Escritorio/TFG-repo/build/CMakeFiles/CMakeTmp'
Building CXX object CMakeFiles/cmTC_2204f.dir/src.cxx.o
/usr/bin/clang++ -DLIBOMP_HAVE_FNO_RTTI_FLAG  -Wall -fcolor-diagnostics -Wcast-qual -Wformat-pedantic -Wimplicit-fallthrough -Wsign-compare -Wno-extra -Wno-pedantic -fno-semantic-interposition -fdata-sections    -fno-rtti -std=c++17 -MD -MT CMakeFiles/cmTC_2204f.dir/src.cxx.o -MF CMakeFiles/cmTC_2204f.dir/src.cxx.o.d -o CMakeFiles/cmTC_2204f.dir/src.cxx.o -c /home/pablo/Escritorio/TFG-repo/build/CMakeFiles/CMakeTmp/src.cxx
Linking CXX executable cmTC_2204f
/usr/bin/cmake -E cmake_link_script CMakeFiles/cmTC_2204f.dir/link.txt --verbose=1
/usr/bin/clang++  -Wall -fcolor-diagnostics -Wcast-qual -Wformat-pedantic -Wimplicit-fallthrough -Wsign-compare -Wno-extra -Wno-pedantic -fno-semantic-interposition -fdata-sections  CMakeFiles/cmTC_2204f.dir/src.cxx.o -o cmTC_2204f 
gmake[1]: Leaving directory '/home/pablo/Escritorio/TFG-repo/build/CMakeFiles/CMakeTmp'


Source file was:
int main() { return 0; }
Performing C++ SOURCE FILE Test LIBOMP_HAVE_WCOVERED_SWITCH_DEFAULT_FLAG succeeded with the following output:
Change Dir: /home/pablo/Escritorio/TFG-repo/build/CMakeFiles/CMakeTmp

Run Build Command(s):/usr/bin/gmake -f Makefile cmTC_07e8b/fast && /usr/bin/gmake  -f CMakeFiles/cmTC_07e8b.dir/build.make CMakeFiles/cmTC_07e8b.dir/build
gmake[1]: Entering directory '/home/pablo/Escritorio/TFG-repo/build/CMakeFiles/CMakeTmp'
Building CXX object CMakeFiles/cmTC_07e8b.dir/src.cxx.o
/usr/bin/clang++ -DLIBOMP_HAVE_WCOVERED_SWITCH_DEFAULT_FLAG  -Wall -fcolor-diagnostics -Wcast-qual -Wformat-pedantic -Wimplicit-fallthrough -Wsign-compare -Wno-extra -Wno-pedantic -fno-semantic-interposition -fdata-sections    -Wcovered-switch-default -std=c++17 -MD -MT CMakeFiles/cmTC_07e8b.dir/src.cxx.o -MF CMakeFiles/cmTC_07e8b.dir/src.cxx.o.d -o CMakeFiles/cmTC_07e8b.dir/src.cxx.o -c /home/pablo/Escritorio/TFG-repo/build/CMakeFiles/CMakeTmp/src.cxx
Linking CXX executable cmTC_07e8b
/usr/bin/cmake -E cmake_link_script CMakeFiles/cmTC_07e8b.dir/link.txt --verbose=1
/usr/bin/clang++  -Wall -fcolor-diagnostics -Wcast-qual -Wformat-pedantic -Wimplicit-fallthrough -Wsign-compare -Wno-extra -Wno-pedantic -fno-semantic-interposition -fdata-sections  CMakeFiles/cmTC_07e8b.dir/src.cxx.o -o cmTC_07e8b 
gmake[1]: Leaving directory '/home/pablo/Escritorio/TFG-repo/build/CMakeFiles/CMakeTmp'


Source file was:
int main() { return 0; }
Performing C++ SOURCE FILE Test LIBOMP_HAVE_WFRAME_ADDRESS_FLAG succeeded with the following output:
Change Dir: /home/pablo/Escritorio/TFG-repo/build/CMakeFiles/CMakeTmp

Run Build Command(s):/usr/bin/gmake -f Makefile cmTC_fb9ab/fast && /usr/bin/gmake  -f CMakeFiles/cmTC_fb9ab.dir/build.make CMakeFiles/cmTC_fb9ab.dir/build
gmake[1]: Entering directory '/home/pablo/Escritorio/TFG-repo/build/CMakeFiles/CMakeTmp'
Building CXX object CMakeFiles/cmTC_fb9ab.dir/src.cxx.o
/usr/bin/clang++ -DLIBOMP_HAVE_WFRAME_ADDRESS_FLAG  -Wall -fcolor-diagnostics -Wcast-qual -Wformat-pedantic -Wimplicit-fallthrough -Wsign-compare -Wno-extra -Wno-pedantic -fno-semantic-interposition -fdata-sections    -Wframe-address -std=c++17 -MD -MT CMakeFiles/cmTC_fb9ab.dir/src.cxx.o -MF CMakeFiles/cmTC_fb9ab.dir/src.cxx.o.d -o CMakeFiles/cmTC_fb9ab.dir/src.cxx.o -c /home/pablo/Escritorio/TFG-repo/build/CMakeFiles/CMakeTmp/src.cxx
Linking CXX executable cmTC_fb9ab
/usr/bin/cmake -E cmake_link_script CMakeFiles/cmTC_fb9ab.dir/link.txt --verbose=1
/usr/bin/clang++  -Wall -fcolor-diagnostics -Wcast-qual -Wformat-pedantic -Wimplicit-fallthrough -Wsign-compare -Wno-extra -Wno-pedantic -fno-semantic-interposition -fdata-sections  CMakeFiles/cmTC_fb9ab.dir/src.cxx.o -o cmTC_fb9ab 
gmake[1]: Leaving directory '/home/pablo/Escritorio/TFG-repo/build/CMakeFiles/CMakeTmp'


Source file was:
int main() { return 0; }
Performing C++ SOURCE FILE Test LIBOMP_HAVE_WSTRICT_ALIASING_FLAG succeeded with the following output:
Change Dir: /home/pablo/Escritorio/TFG-repo/build/CMakeFiles/CMakeTmp

Run Build Command(s):/usr/bin/gmake -f Makefile cmTC_275a4/fast && /usr/bin/gmake  -f CMakeFiles/cmTC_275a4.dir/build.make CMakeFiles/cmTC_275a4.dir/build
gmake[1]: Entering directory '/home/pablo/Escritorio/TFG-repo/build/CMakeFiles/CMakeTmp'
Building CXX object CMakeFiles/cmTC_275a4.dir/src.cxx.o
/usr/bin/clang++ -DLIBOMP_HAVE_WSTRICT_ALIASING_FLAG  -Wall -fcolor-diagnostics -Wcast-qual -Wformat-pedantic -Wimplicit-fallthrough -Wsign-compare -Wno-extra -Wno-pedantic -fno-semantic-interposition -fdata-sections    -Wstrict-aliasing -std=c++17 -MD -MT CMakeFiles/cmTC_275a4.dir/src.cxx.o -MF CMakeFiles/cmTC_275a4.dir/src.cxx.o.d -o CMakeFiles/cmTC_275a4.dir/src.cxx.o -c /home/pablo/Escritorio/TFG-repo/build/CMakeFiles/CMakeTmp/src.cxx
Linking CXX executable cmTC_275a4
/usr/bin/cmake -E cmake_link_script CMakeFiles/cmTC_275a4.dir/link.txt --verbose=1
/usr/bin/clang++  -Wall -fcolor-diagnostics -Wcast-qual -Wformat-pedantic -Wimplicit-fallthrough -Wsign-compare -Wno-extra -Wno-pedantic -fno-semantic-interposition -fdata-sections  CMakeFiles/cmTC_275a4.dir/src.cxx.o -o cmTC_275a4 
gmake[1]: Leaving directory '/home/pablo/Escritorio/TFG-repo/build/CMakeFiles/CMakeTmp'


Source file was:
int main() { return 0; }
Performing C++ SOURCE FILE Test LIBOMP_HAVE_WSWITCH_FLAG succeeded with the following output:
Change Dir: /home/pablo/Escritorio/TFG-repo/build/CMakeFiles/CMakeTmp

Run Build Command(s):/usr/bin/gmake -f Makefile cmTC_b894b/fast && /usr/bin/gmake  -f CMakeFiles/cmTC_b894b.dir/build.make CMakeFiles/cmTC_b894b.dir/build
gmake[1]: Entering directory '/home/pablo/Escritorio/TFG-repo/build/CMakeFiles/CMakeTmp'
Building CXX object CMakeFiles/cmTC_b894b.dir/src.cxx.o
/usr/bin/clang++ -DLIBOMP_HAVE_WSWITCH_FLAG  -Wall -fcolor-diagnostics -Wcast-qual -Wformat-pedantic -Wimplicit-fallthrough -Wsign-compare -Wno-extra -Wno-pedantic -fno-semantic-interposition -fdata-sections    -Wswitch -std=c++17 -MD -MT CMakeFiles/cmTC_b894b.dir/src.cxx.o -MF CMakeFiles/cmTC_b894b.dir/src.cxx.o.d -o CMakeFiles/cmTC_b894b.dir/src.cxx.o -c /home/pablo/Escritorio/TFG-repo/build/CMakeFiles/CMakeTmp/src.cxx
Linking CXX executable cmTC_b894b
/usr/bin/cmake -E cmake_link_script CMakeFiles/cmTC_b894b.dir/link.txt --verbose=1
/usr/bin/clang++  -Wall -fcolor-diagnostics -Wcast-qual -Wformat-pedantic -Wimplicit-fallthrough -Wsign-compare -Wno-extra -Wno-pedantic -fno-semantic-interposition -fdata-sections  CMakeFiles/cmTC_b894b.dir/src.cxx.o -o cmTC_b894b 
gmake[1]: Leaving directory '/home/pablo/Escritorio/TFG-repo/build/CMakeFiles/CMakeTmp'


Source file was:
int main() { return 0; }
Performing C++ SOURCE FILE Test LIBOMP_HAVE_WUNINITIALIZED_FLAG succeeded with the following output:
Change Dir: /home/pablo/Escritorio/TFG-repo/build/CMakeFiles/CMakeTmp

Run Build Command(s):/usr/bin/gmake -f Makefile cmTC_348a0/fast && /usr/bin/gmake  -f CMakeFiles/cmTC_348a0.dir/build.make CMakeFiles/cmTC_348a0.dir/build
gmake[1]: Entering directory '/home/pablo/Escritorio/TFG-repo/build/CMakeFiles/CMakeTmp'
Building CXX object CMakeFiles/cmTC_348a0.dir/src.cxx.o
/usr/bin/clang++ -DLIBOMP_HAVE_WUNINITIALIZED_FLAG  -Wall -fcolor-diagnostics -Wcast-qual -Wformat-pedantic -Wimplicit-fallthrough -Wsign-compare -Wno-extra -Wno-pedantic -fno-semantic-interposition -fdata-sections    -Wuninitialized -std=c++17 -MD -MT CMakeFiles/cmTC_348a0.dir/src.cxx.o -MF CMakeFiles/cmTC_348a0.dir/src.cxx.o.d -o CMakeFiles/cmTC_348a0.dir/src.cxx.o -c /home/pablo/Escritorio/TFG-repo/build/CMakeFiles/CMakeTmp/src.cxx
Linking CXX executable cmTC_348a0
/usr/bin/cmake -E cmake_link_script CMakeFiles/cmTC_348a0.dir/link.txt --verbose=1
/usr/bin/clang++  -Wall -fcolor-diagnostics -Wcast-qual -Wformat-pedantic -Wimplicit-fallthrough -Wsign-compare -Wno-extra -Wno-pedantic -fno-semantic-interposition -fdata-sections  CMakeFiles/cmTC_348a0.dir/src.cxx.o -o cmTC_348a0 
gmake[1]: Leaving directory '/home/pablo/Escritorio/TFG-repo/build/CMakeFiles/CMakeTmp'


Source file was:
int main() { return 0; }
Performing C++ SOURCE FILE Test LIBOMP_HAVE_WRETURN_TYPE_C_LINKAGE_FLAG succeeded with the following output:
Change Dir: /home/pablo/Escritorio/TFG-repo/build/CMakeFiles/CMakeTmp

Run Build Command(s):/usr/bin/gmake -f Makefile cmTC_055a2/fast && /usr/bin/gmake  -f CMakeFiles/cmTC_055a2.dir/build.make CMakeFiles/cmTC_055a2.dir/build
gmake[1]: Entering directory '/home/pablo/Escritorio/TFG-repo/build/CMakeFiles/CMakeTmp'
Building CXX object CMakeFiles/cmTC_055a2.dir/src.cxx.o
/usr/bin/clang++ -DLIBOMP_HAVE_WRETURN_TYPE_C_LINKAGE_FLAG  -Wall -fcolor-diagnostics -Wcast-qual -Wformat-pedantic -Wimplicit-fallthrough -Wsign-compare -Wno-extra -Wno-pedantic -fno-semantic-interposition -fdata-sections    -Wreturn-type-c-linkage -std=c++17 -MD -MT CMakeFiles/cmTC_055a2.dir/src.cxx.o -MF CMakeFiles/cmTC_055a2.dir/src.cxx.o.d -o CMakeFiles/cmTC_055a2.dir/src.cxx.o -c /home/pablo/Escritorio/TFG-repo/build/CMakeFiles/CMakeTmp/src.cxx
Linking CXX executable cmTC_055a2
/usr/bin/cmake -E cmake_link_script CMakeFiles/cmTC_055a2.dir/link.txt --verbose=1
/usr/bin/clang++  -Wall -fcolor-diagnostics -Wcast-qual -Wformat-pedantic -Wimplicit-fallthrough -Wsign-compare -Wno-extra -Wno-pedantic -fno-semantic-interposition -fdata-sections  CMakeFiles/cmTC_055a2.dir/src.cxx.o -o cmTC_055a2 
gmake[1]: Leaving directory '/home/pablo/Escritorio/TFG-repo/build/CMakeFiles/CMakeTmp'


Source file was:
int main() { return 0; }
Performing C++ SOURCE FILE Test LIBOMP_HAVE_WCAST_QUAL_FLAG succeeded with the following output:
Change Dir: /home/pablo/Escritorio/TFG-repo/build/CMakeFiles/CMakeTmp

Run Build Command(s):/usr/bin/gmake -f Makefile cmTC_1c703/fast && /usr/bin/gmake  -f CMakeFiles/cmTC_1c703.dir/build.make CMakeFiles/cmTC_1c703.dir/build
gmake[1]: Entering directory '/home/pablo/Escritorio/TFG-repo/build/CMakeFiles/CMakeTmp'
Building CXX object CMakeFiles/cmTC_1c703.dir/src.cxx.o
/usr/bin/clang++ -DLIBOMP_HAVE_WCAST_QUAL_FLAG  -Wall -fcolor-diagnostics -Wcast-qual -Wformat-pedantic -Wimplicit-fallthrough -Wsign-compare -Wno-extra -Wno-pedantic -fno-semantic-interposition -fdata-sections    -Wcast-qual -std=c++17 -MD -MT CMakeFiles/cmTC_1c703.dir/src.cxx.o -MF CMakeFiles/cmTC_1c703.dir/src.cxx.o.d -o CMakeFiles/cmTC_1c703.dir/src.cxx.o -c /home/pablo/Escritorio/TFG-repo/build/CMakeFiles/CMakeTmp/src.cxx
Linking CXX executable cmTC_1c703
/usr/bin/cmake -E cmake_link_script CMakeFiles/cmTC_1c703.dir/link.txt --verbose=1
/usr/bin/clang++  -Wall -fcolor-diagnostics -Wcast-qual -Wformat-pedantic -Wimplicit-fallthrough -Wsign-compare -Wno-extra -Wno-pedantic -fno-semantic-interposition -fdata-sections  CMakeFiles/cmTC_1c703.dir/src.cxx.o -o cmTC_1c703 
gmake[1]: Leaving directory '/home/pablo/Escritorio/TFG-repo/build/CMakeFiles/CMakeTmp'


Source file was:
int main() { return 0; }
Performing C++ SOURCE FILE Test LIBOMP_HAVE_WINT_TO_VOID_POINTER_CAST_FLAG succeeded with the following output:
Change Dir: /home/pablo/Escritorio/TFG-repo/build/CMakeFiles/CMakeTmp

Run Build Command(s):/usr/bin/gmake -f Makefile cmTC_c9274/fast && /usr/bin/gmake  -f CMakeFiles/cmTC_c9274.dir/build.make CMakeFiles/cmTC_c9274.dir/build
gmake[1]: Entering directory '/home/pablo/Escritorio/TFG-repo/build/CMakeFiles/CMakeTmp'
Building CXX object CMakeFiles/cmTC_c9274.dir/src.cxx.o
/usr/bin/clang++ -DLIBOMP_HAVE_WINT_TO_VOID_POINTER_CAST_FLAG  -Wall -fcolor-diagnostics -Wcast-qual -Wformat-pedantic -Wimplicit-fallthrough -Wsign-compare -Wno-extra -Wno-pedantic -fno-semantic-interposition -fdata-sections    -Wint-to-void-pointer-cast -std=c++17 -MD -MT CMakeFiles/cmTC_c9274.dir/src.cxx.o -MF CMakeFiles/cmTC_c9274.dir/src.cxx.o.d -o CMakeFiles/cmTC_c9274.dir/src.cxx.o -c /home/pablo/Escritorio/TFG-repo/build/CMakeFiles/CMakeTmp/src.cxx
Linking CXX executable cmTC_c9274
/usr/bin/cmake -E cmake_link_script CMakeFiles/cmTC_c9274.dir/link.txt --verbose=1
/usr/bin/clang++  -Wall -fcolor-diagnostics -Wcast-qual -Wformat-pedantic -Wimplicit-fallthrough -Wsign-compare -Wno-extra -Wno-pedantic -fno-semantic-interposition -fdata-sections  CMakeFiles/cmTC_c9274.dir/src.cxx.o -o cmTC_c9274 
gmake[1]: Leaving directory '/home/pablo/Escritorio/TFG-repo/build/CMakeFiles/CMakeTmp'


Source file was:
int main() { return 0; }
Performing C++ SOURCE FILE Test LIBOMP_HAVE_MSSE2_FLAG succeeded with the following output:
Change Dir: /home/pablo/Escritorio/TFG-repo/build/CMakeFiles/CMakeTmp

Run Build Command(s):/usr/bin/gmake -f Makefile cmTC_39749/fast && /usr/bin/gmake  -f CMakeFiles/cmTC_39749.dir/build.make CMakeFiles/cmTC_39749.dir/build
gmake[1]: Entering directory '/home/pablo/Escritorio/TFG-repo/build/CMakeFiles/CMakeTmp'
Building CXX object CMakeFiles/cmTC_39749.dir/src.cxx.o
/usr/bin/clang++ -DLIBOMP_HAVE_MSSE2_FLAG  -Wall -fcolor-diagnostics -Wcast-qual -Wformat-pedantic -Wimplicit-fallthrough -Wsign-compare -Wno-extra -Wno-pedantic -fno-semantic-interposition -fdata-sections    -msse2 -std=c++17 -MD -MT CMakeFiles/cmTC_39749.dir/src.cxx.o -MF CMakeFiles/cmTC_39749.dir/src.cxx.o.d -o CMakeFiles/cmTC_39749.dir/src.cxx.o -c /home/pablo/Escritorio/TFG-repo/build/CMakeFiles/CMakeTmp/src.cxx
Linking CXX executable cmTC_39749
/usr/bin/cmake -E cmake_link_script CMakeFiles/cmTC_39749.dir/link.txt --verbose=1
/usr/bin/clang++  -Wall -fcolor-diagnostics -Wcast-qual -Wformat-pedantic -Wimplicit-fallthrough -Wsign-compare -Wno-extra -Wno-pedantic -fno-semantic-interposition -fdata-sections  CMakeFiles/cmTC_39749.dir/src.cxx.o -o cmTC_39749 
gmake[1]: Leaving directory '/home/pablo/Escritorio/TFG-repo/build/CMakeFiles/CMakeTmp'


Source file was:
int main() { return 0; }
Performing C++ SOURCE FILE Test LIBOMP_HAVE_FTLS_MODEL_FLAG succeeded with the following output:
Change Dir: /home/pablo/Escritorio/TFG-repo/build/CMakeFiles/CMakeTmp

Run Build Command(s):/usr/bin/gmake -f Makefile cmTC_e3ed6/fast && /usr/bin/gmake  -f CMakeFiles/cmTC_e3ed6.dir/build.make CMakeFiles/cmTC_e3ed6.dir/build
gmake[1]: Entering directory '/home/pablo/Escritorio/TFG-repo/build/CMakeFiles/CMakeTmp'
Building CXX object CMakeFiles/cmTC_e3ed6.dir/src.cxx.o
/usr/bin/clang++ -DLIBOMP_HAVE_FTLS_MODEL_FLAG  -Wall -fcolor-diagnostics -Wcast-qual -Wformat-pedantic -Wimplicit-fallthrough -Wsign-compare -Wno-extra -Wno-pedantic -fno-semantic-interposition -fdata-sections    -ftls-model=initial-exec -std=c++17 -MD -MT CMakeFiles/cmTC_e3ed6.dir/src.cxx.o -MF CMakeFiles/cmTC_e3ed6.dir/src.cxx.o.d -o CMakeFiles/cmTC_e3ed6.dir/src.cxx.o -c /home/pablo/Escritorio/TFG-repo/build/CMakeFiles/CMakeTmp/src.cxx
Linking CXX executable cmTC_e3ed6
/usr/bin/cmake -E cmake_link_script CMakeFiles/cmTC_e3ed6.dir/link.txt --verbose=1
/usr/bin/clang++  -Wall -fcolor-diagnostics -Wcast-qual -Wformat-pedantic -Wimplicit-fallthrough -Wsign-compare -Wno-extra -Wno-pedantic -fno-semantic-interposition -fdata-sections  CMakeFiles/cmTC_e3ed6.dir/src.cxx.o -o cmTC_e3ed6 
gmake[1]: Leaving directory '/home/pablo/Escritorio/TFG-repo/build/CMakeFiles/CMakeTmp'


Source file was:
int main() { return 0; }
Determining if the shm_open exist passed with the following output:
Change Dir: /home/pablo/Escritorio/TFG-repo/build/CMakeFiles/CMakeTmp

Run Build Command(s):/usr/bin/gmake -f Makefile cmTC_4704f/fast && /usr/bin/gmake  -f CMakeFiles/cmTC_4704f.dir/build.make CMakeFiles/cmTC_4704f.dir/build
gmake[1]: se entra en el directorio '/home/pablo/Escritorio/TFG-repo/build/CMakeFiles/CMakeTmp'
Building C object CMakeFiles/cmTC_4704f.dir/CheckSymbolExists.c.o
/usr/bin/clang   -Wall -fcolor-diagnostics -Wcast-qual -Wformat-pedantic -Wimplicit-fallthrough -Wsign-compare -Wno-extra -Wno-pedantic -fno-semantic-interposition -fdata-sections  -MD -MT CMakeFiles/cmTC_4704f.dir/CheckSymbolExists.c.o -MF CMakeFiles/cmTC_4704f.dir/CheckSymbolExists.c.o.d -o CMakeFiles/cmTC_4704f.dir/CheckSymbolExists.c.o -c /home/pablo/Escritorio/TFG-repo/build/CMakeFiles/CMakeTmp/CheckSymbolExists.c
Linking C executable cmTC_4704f
/usr/bin/cmake -E cmake_link_script CMakeFiles/cmTC_4704f.dir/link.txt --verbose=1
/usr/bin/clang  -Wall -fcolor-diagnostics -Wcast-qual -Wformat-pedantic -Wimplicit-fallthrough -Wsign-compare -Wno-extra -Wno-pedantic -fno-semantic-interposition -fdata-sections  CMakeFiles/cmTC_4704f.dir/CheckSymbolExists.c.o -o cmTC_4704f 
gmake[1]: se sale del directorio '/home/pablo/Escritorio/TFG-repo/build/CMakeFiles/CMakeTmp'


File /home/pablo/Escritorio/TFG-repo/build/CMakeFiles/CMakeTmp/CheckSymbolExists.c:
/* */
#include <sys/mman.h>

int main(int argc, char** argv)
{
  (void)argv;
#ifndef shm_open
  return ((int*)(&shm_open))[argc];
#else
  (void)argc;
  return 0;
#endif
}
Determining if the include file xmmintrin.h exists passed with the following output:
Change Dir: /home/pablo/Escritorio/TFG-repo/build/CMakeFiles/CMakeTmp

Run Build Command(s):/usr/bin/gmake -f Makefile cmTC_ba4a7/fast && /usr/bin/gmake  -f CMakeFiles/cmTC_ba4a7.dir/build.make CMakeFiles/cmTC_ba4a7.dir/build
gmake[1]: se entra en el directorio '/home/pablo/Escritorio/TFG-repo/build/CMakeFiles/CMakeTmp'
Building C object CMakeFiles/cmTC_ba4a7.dir/CheckIncludeFile.c.o
/usr/bin/clang   -Wall -fcolor-diagnostics -Wcast-qual -Wformat-pedantic -Wimplicit-fallthrough -Wsign-compare -Wno-extra -Wno-pedantic -fno-semantic-interposition -fdata-sections  -MD -MT CMakeFiles/cmTC_ba4a7.dir/CheckIncludeFile.c.o -MF CMakeFiles/cmTC_ba4a7.dir/CheckIncludeFile.c.o.d -o CMakeFiles/cmTC_ba4a7.dir/CheckIncludeFile.c.o -c /home/pablo/Escritorio/TFG-repo/build/CMakeFiles/CMakeTmp/CheckIncludeFile.c
Linking C executable cmTC_ba4a7
/usr/bin/cmake -E cmake_link_script CMakeFiles/cmTC_ba4a7.dir/link.txt --verbose=1
/usr/bin/clang  -Wall -fcolor-diagnostics -Wcast-qual -Wformat-pedantic -Wimplicit-fallthrough -Wsign-compare -Wno-extra -Wno-pedantic -fno-semantic-interposition -fdata-sections  CMakeFiles/cmTC_ba4a7.dir/CheckIncludeFile.c.o -o cmTC_ba4a7 
gmake[1]: se sale del directorio '/home/pablo/Escritorio/TFG-repo/build/CMakeFiles/CMakeTmp'



Performing C++ SOURCE FILE Test LIBOMP_HAVE__MM_MALLOC succeeded with the following output:
Change Dir: /home/pablo/Escritorio/TFG-repo/build/CMakeFiles/CMakeTmp

Run Build Command(s):/usr/bin/gmake -f Makefile cmTC_dbfd6/fast && /usr/bin/gmake  -f CMakeFiles/cmTC_dbfd6.dir/build.make CMakeFiles/cmTC_dbfd6.dir/build
gmake[1]: se entra en el directorio '/home/pablo/Escritorio/TFG-repo/build/CMakeFiles/CMakeTmp'
Building CXX object CMakeFiles/cmTC_dbfd6.dir/src.cxx.o
/usr/bin/clang++ -DLIBOMP_HAVE__MM_MALLOC  -Wall -fcolor-diagnostics -Wcast-qual -Wformat-pedantic -Wimplicit-fallthrough -Wsign-compare -Wno-extra -Wno-pedantic -fno-semantic-interposition -fdata-sections  -DLIBOMP_HAVE_XMMINTRIN_H -std=c++17 -MD -MT CMakeFiles/cmTC_dbfd6.dir/src.cxx.o -MF CMakeFiles/cmTC_dbfd6.dir/src.cxx.o.d -o CMakeFiles/cmTC_dbfd6.dir/src.cxx.o -c /home/pablo/Escritorio/TFG-repo/build/CMakeFiles/CMakeTmp/src.cxx
Linking CXX executable cmTC_dbfd6
/usr/bin/cmake -E cmake_link_script CMakeFiles/cmTC_dbfd6.dir/link.txt --verbose=1
/usr/bin/clang++  -Wall -fcolor-diagnostics -Wcast-qual -Wformat-pedantic -Wimplicit-fallthrough -Wsign-compare -Wno-extra -Wno-pedantic -fno-semantic-interposition -fdata-sections  -DLIBOMP_HAVE_XMMINTRIN_H CMakeFiles/cmTC_dbfd6.dir/src.cxx.o -o cmTC_dbfd6 
gmake[1]: se sale del directorio '/home/pablo/Escritorio/TFG-repo/build/CMakeFiles/CMakeTmp'


Source file was:
// check for _mm_malloc
    #ifdef LIBOMP_HAVE_XMMINTRIN_H
    #include <xmmintrin.h>
    #endif
    int main() { void *ptr = _mm_malloc(sizeof(int) * 1000, 64); _mm_free(ptr); return 0; }
Determining if the aligned_alloc exist passed with the following output:
Change Dir: /home/pablo/Escritorio/TFG-repo/build/CMakeFiles/CMakeTmp

Run Build Command(s):/usr/bin/gmake -f Makefile cmTC_c7045/fast && /usr/bin/gmake  -f CMakeFiles/cmTC_c7045.dir/build.make CMakeFiles/cmTC_c7045.dir/build
gmake[1]: se entra en el directorio '/home/pablo/Escritorio/TFG-repo/build/CMakeFiles/CMakeTmp'
Building C object CMakeFiles/cmTC_c7045.dir/CheckSymbolExists.c.o
/usr/bin/clang   -Wall -fcolor-diagnostics -Wcast-qual -Wformat-pedantic -Wimplicit-fallthrough -Wsign-compare -Wno-extra -Wno-pedantic -fno-semantic-interposition -fdata-sections  -MD -MT CMakeFiles/cmTC_c7045.dir/CheckSymbolExists.c.o -MF CMakeFiles/cmTC_c7045.dir/CheckSymbolExists.c.o.d -o CMakeFiles/cmTC_c7045.dir/CheckSymbolExists.c.o -c /home/pablo/Escritorio/TFG-repo/build/CMakeFiles/CMakeTmp/CheckSymbolExists.c
Linking C executable cmTC_c7045
/usr/bin/cmake -E cmake_link_script CMakeFiles/cmTC_c7045.dir/link.txt --verbose=1
/usr/bin/clang  -Wall -fcolor-diagnostics -Wcast-qual -Wformat-pedantic -Wimplicit-fallthrough -Wsign-compare -Wno-extra -Wno-pedantic -fno-semantic-interposition -fdata-sections  CMakeFiles/cmTC_c7045.dir/CheckSymbolExists.c.o -o cmTC_c7045 
gmake[1]: se sale del directorio '/home/pablo/Escritorio/TFG-repo/build/CMakeFiles/CMakeTmp'


File /home/pablo/Escritorio/TFG-repo/build/CMakeFiles/CMakeTmp/CheckSymbolExists.c:
/* */
#include <stdlib.h>

int main(int argc, char** argv)
{
  (void)argv;
#ifndef aligned_alloc
  return ((int*)(&aligned_alloc))[argc];
#else
  (void)argc;
  return 0;
#endif
}
Determining if the posix_memalign exist passed with the following output:
Change Dir: /home/pablo/Escritorio/TFG-repo/build/CMakeFiles/CMakeTmp

Run Build Command(s):/usr/bin/gmake -f Makefile cmTC_5e90b/fast && /usr/bin/gmake  -f CMakeFiles/cmTC_5e90b.dir/build.make CMakeFiles/cmTC_5e90b.dir/build
gmake[1]: se entra en el directorio '/home/pablo/Escritorio/TFG-repo/build/CMakeFiles/CMakeTmp'
Building C object CMakeFiles/cmTC_5e90b.dir/CheckSymbolExists.c.o
/usr/bin/clang   -Wall -fcolor-diagnostics -Wcast-qual -Wformat-pedantic -Wimplicit-fallthrough -Wsign-compare -Wno-extra -Wno-pedantic -fno-semantic-interposition -fdata-sections  -MD -MT CMakeFiles/cmTC_5e90b.dir/CheckSymbolExists.c.o -MF CMakeFiles/cmTC_5e90b.dir/CheckSymbolExists.c.o.d -o CMakeFiles/cmTC_5e90b.dir/CheckSymbolExists.c.o -c /home/pablo/Escritorio/TFG-repo/build/CMakeFiles/CMakeTmp/CheckSymbolExists.c
Linking C executable cmTC_5e90b
/usr/bin/cmake -E cmake_link_script CMakeFiles/cmTC_5e90b.dir/link.txt --verbose=1
/usr/bin/clang  -Wall -fcolor-diagnostics -Wcast-qual -Wformat-pedantic -Wimplicit-fallthrough -Wsign-compare -Wno-extra -Wno-pedantic -fno-semantic-interposition -fdata-sections  CMakeFiles/cmTC_5e90b.dir/CheckSymbolExists.c.o -o cmTC_5e90b 
gmake[1]: se sale del directorio '/home/pablo/Escritorio/TFG-repo/build/CMakeFiles/CMakeTmp'


File /home/pablo/Escritorio/TFG-repo/build/CMakeFiles/CMakeTmp/CheckSymbolExists.c:
/* */
#include <stdlib.h>

int main(int argc, char** argv)
{
  (void)argv;
#ifndef posix_memalign
  return ((int*)(&posix_memalign))[argc];
#else
  (void)argc;
  return 0;
#endif
}
Performing C SOURCE FILE Test LIBOMP_HAVE_X_FLAG succeeded with the following output:
Change Dir: /home/pablo/Escritorio/TFG-repo/build/CMakeFiles/CMakeTmp

Run Build Command(s):/usr/bin/gmake -f Makefile cmTC_e434a/fast && /usr/bin/gmake  -f CMakeFiles/cmTC_e434a.dir/build.make CMakeFiles/cmTC_e434a.dir/build
gmake[1]: Entering directory '/home/pablo/Escritorio/TFG-repo/build/CMakeFiles/CMakeTmp'
Building C object CMakeFiles/cmTC_e434a.dir/src.c.o
/usr/bin/clang -DLIBOMP_HAVE_X_FLAG  -Wall -fcolor-diagnostics -Wcast-qual -Wformat-pedantic -Wimplicit-fallthrough -Wsign-compare -Wno-extra -Wno-pedantic -fno-semantic-interposition -fdata-sections  -Wl,-x -MD -MT CMakeFiles/cmTC_e434a.dir/src.c.o -MF CMakeFiles/cmTC_e434a.dir/src.c.o.d -o CMakeFiles/cmTC_e434a.dir/src.c.o -c /home/pablo/Escritorio/TFG-repo/build/CMakeFiles/CMakeTmp/src.c
clang: [0;1;35mwarning: [0m[1m-Wl,-x: 'linker' input unused [-Wunused-command-line-argument][0m
Linking C executable cmTC_e434a
/usr/bin/cmake -E cmake_link_script CMakeFiles/cmTC_e434a.dir/link.txt --verbose=1
/usr/bin/clang  -Wall -fcolor-diagnostics -Wcast-qual -Wformat-pedantic -Wimplicit-fallthrough -Wsign-compare -Wno-extra -Wno-pedantic -fno-semantic-interposition -fdata-sections  -Wl,-x CMakeFiles/cmTC_e434a.dir/src.c.o -o cmTC_e434a 
gmake[1]: Leaving directory '/home/pablo/Escritorio/TFG-repo/build/CMakeFiles/CMakeTmp'


Source file was:
int main(void) { return 0; }
Performing C SOURCE FILE Test LIBOMP_HAVE_AS_NEEDED_FLAG succeeded with the following output:
Change Dir: /home/pablo/Escritorio/TFG-repo/build/CMakeFiles/CMakeTmp

Run Build Command(s):/usr/bin/gmake -f Makefile cmTC_4d3ce/fast && /usr/bin/gmake  -f CMakeFiles/cmTC_4d3ce.dir/build.make CMakeFiles/cmTC_4d3ce.dir/build
gmake[1]: Entering directory '/home/pablo/Escritorio/TFG-repo/build/CMakeFiles/CMakeTmp'
Building C object CMakeFiles/cmTC_4d3ce.dir/src.c.o
/usr/bin/clang -DLIBOMP_HAVE_AS_NEEDED_FLAG  -Wall -fcolor-diagnostics -Wcast-qual -Wformat-pedantic -Wimplicit-fallthrough -Wsign-compare -Wno-extra -Wno-pedantic -fno-semantic-interposition -fdata-sections  -Wl,--as-needed -MD -MT CMakeFiles/cmTC_4d3ce.dir/src.c.o -MF CMakeFiles/cmTC_4d3ce.dir/src.c.o.d -o CMakeFiles/cmTC_4d3ce.dir/src.c.o -c /home/pablo/Escritorio/TFG-repo/build/CMakeFiles/CMakeTmp/src.c
clang: [0;1;35mwarning: [0m[1m-Wl,--as-needed: 'linker' input unused [-Wunused-command-line-argument][0m
Linking C executable cmTC_4d3ce
/usr/bin/cmake -E cmake_link_script CMakeFiles/cmTC_4d3ce.dir/link.txt --verbose=1
/usr/bin/clang  -Wall -fcolor-diagnostics -Wcast-qual -Wformat-pedantic -Wimplicit-fallthrough -Wsign-compare -Wno-extra -Wno-pedantic -fno-semantic-interposition -fdata-sections  -Wl,--as-needed CMakeFiles/cmTC_4d3ce.dir/src.c.o -o cmTC_4d3ce 
gmake[1]: Leaving directory '/home/pablo/Escritorio/TFG-repo/build/CMakeFiles/CMakeTmp'


Source file was:
int main(void) { return 0; }
Performing C SOURCE FILE Test LIBOMP_HAVE_VERSION_SCRIPT_FLAG succeeded with the following output:
Change Dir: /home/pablo/Escritorio/TFG-repo/build/CMakeFiles/CMakeTmp

Run Build Command(s):/usr/bin/gmake -f Makefile cmTC_6bf76/fast && /usr/bin/gmake  -f CMakeFiles/cmTC_6bf76.dir/build.make CMakeFiles/cmTC_6bf76.dir/build
gmake[1]: Entering directory '/home/pablo/Escritorio/TFG-repo/build/CMakeFiles/CMakeTmp'
Building C object CMakeFiles/cmTC_6bf76.dir/src.c.o
/usr/bin/clang -DLIBOMP_HAVE_VERSION_SCRIPT_FLAG  -Wall -fcolor-diagnostics -Wcast-qual -Wformat-pedantic -Wimplicit-fallthrough -Wsign-compare -Wno-extra -Wno-pedantic -fno-semantic-interposition -fdata-sections  -Wl,--version-script=/home/pablo/Escritorio/TFG-repo/llvm-project/openmp/runtime/src/exports_test_so.txt -MD -MT CMakeFiles/cmTC_6bf76.dir/src.c.o -MF CMakeFiles/cmTC_6bf76.dir/src.c.o.d -o CMakeFiles/cmTC_6bf76.dir/src.c.o -c /home/pablo/Escritorio/TFG-repo/build/CMakeFiles/CMakeTmp/src.c
clang: [0;1;35mwarning: [0m[1m-Wl,--version-script=/home/pablo/Escritorio/TFG-repo/llvm-project/openmp/runtime/src/exports_test_so.txt: 'linker' input unused [-Wunused-command-line-argument][0m
Linking C executable cmTC_6bf76
/usr/bin/cmake -E cmake_link_script CMakeFiles/cmTC_6bf76.dir/link.txt --verbose=1
/usr/bin/clang  -Wall -fcolor-diagnostics -Wcast-qual -Wformat-pedantic -Wimplicit-fallthrough -Wsign-compare -Wno-extra -Wno-pedantic -fno-semantic-interposition -fdata-sections  -Wl,--version-script=/home/pablo/Escritorio/TFG-repo/llvm-project/openmp/runtime/src/exports_test_so.txt CMakeFiles/cmTC_6bf76.dir/src.c.o -o cmTC_6bf76 
gmake[1]: Leaving directory '/home/pablo/Escritorio/TFG-repo/build/CMakeFiles/CMakeTmp'


Source file was:
int main(void) { return 0; }
Performing C SOURCE FILE Test LIBOMP_HAVE_STATIC_LIBGCC_FLAG succeeded with the following output:
Change Dir: /home/pablo/Escritorio/TFG-repo/build/CMakeFiles/CMakeTmp

Run Build Command(s):/usr/bin/gmake -f Makefile cmTC_c156b/fast && /usr/bin/gmake  -f CMakeFiles/cmTC_c156b.dir/build.make CMakeFiles/cmTC_c156b.dir/build
gmake[1]: Entering directory '/home/pablo/Escritorio/TFG-repo/build/CMakeFiles/CMakeTmp'
Building C object CMakeFiles/cmTC_c156b.dir/src.c.o
/usr/bin/clang -DLIBOMP_HAVE_STATIC_LIBGCC_FLAG  -Wall -fcolor-diagnostics -Wcast-qual -Wformat-pedantic -Wimplicit-fallthrough -Wsign-compare -Wno-extra -Wno-pedantic -fno-semantic-interposition -fdata-sections  -static-libgcc -MD -MT CMakeFiles/cmTC_c156b.dir/src.c.o -MF CMakeFiles/cmTC_c156b.dir/src.c.o.d -o CMakeFiles/cmTC_c156b.dir/src.c.o -c /home/pablo/Escritorio/TFG-repo/build/CMakeFiles/CMakeTmp/src.c
clang: [0;1;35mwarning: [0m[1margument unused during compilation: '-static-libgcc' [-Wunused-command-line-argument][0m
Linking C executable cmTC_c156b
/usr/bin/cmake -E cmake_link_script CMakeFiles/cmTC_c156b.dir/link.txt --verbose=1
/usr/bin/clang  -Wall -fcolor-diagnostics -Wcast-qual -Wformat-pedantic -Wimplicit-fallthrough -Wsign-compare -Wno-extra -Wno-pedantic -fno-semantic-interposition -fdata-sections  -static-libgcc CMakeFiles/cmTC_c156b.dir/src.c.o -o cmTC_c156b 
gmake[1]: Leaving directory '/home/pablo/Escritorio/TFG-repo/build/CMakeFiles/CMakeTmp'


Source file was:
int main(void) { return 0; }
Performing C SOURCE FILE Test LIBOMP_HAVE_Z_NOEXECSTACK_FLAG succeeded with the following output:
Change Dir: /home/pablo/Escritorio/TFG-repo/build/CMakeFiles/CMakeTmp

Run Build Command(s):/usr/bin/gmake -f Makefile cmTC_d0c6d/fast && /usr/bin/gmake  -f CMakeFiles/cmTC_d0c6d.dir/build.make CMakeFiles/cmTC_d0c6d.dir/build
gmake[1]: Entering directory '/home/pablo/Escritorio/TFG-repo/build/CMakeFiles/CMakeTmp'
Building C object CMakeFiles/cmTC_d0c6d.dir/src.c.o
/usr/bin/clang -DLIBOMP_HAVE_Z_NOEXECSTACK_FLAG  -Wall -fcolor-diagnostics -Wcast-qual -Wformat-pedantic -Wimplicit-fallthrough -Wsign-compare -Wno-extra -Wno-pedantic -fno-semantic-interposition -fdata-sections  -Wl,-z,noexecstack -MD -MT CMakeFiles/cmTC_d0c6d.dir/src.c.o -MF CMakeFiles/cmTC_d0c6d.dir/src.c.o.d -o CMakeFiles/cmTC_d0c6d.dir/src.c.o -c /home/pablo/Escritorio/TFG-repo/build/CMakeFiles/CMakeTmp/src.c
clang: [0;1;35mwarning: [0m[1m-Wl,-z,noexecstack: 'linker' input unused [-Wunused-command-line-argument][0m
Linking C executable cmTC_d0c6d
/usr/bin/cmake -E cmake_link_script CMakeFiles/cmTC_d0c6d.dir/link.txt --verbose=1
/usr/bin/clang  -Wall -fcolor-diagnostics -Wcast-qual -Wformat-pedantic -Wimplicit-fallthrough -Wsign-compare -Wno-extra -Wno-pedantic -fno-semantic-interposition -fdata-sections  -Wl,-z,noexecstack CMakeFiles/cmTC_d0c6d.dir/src.c.o -o cmTC_d0c6d 
gmake[1]: Leaving directory '/home/pablo/Escritorio/TFG-repo/build/CMakeFiles/CMakeTmp'


Source file was:
int main(void) { return 0; }
Determining if the include file pthread.h exists passed with the following output:
Change Dir: /home/pablo/Escritorio/TFG-repo/build/CMakeFiles/CMakeTmp

Run Build Command(s):/usr/bin/gmake -f Makefile cmTC_ebdae/fast && /usr/bin/gmake  -f CMakeFiles/cmTC_ebdae.dir/build.make CMakeFiles/cmTC_ebdae.dir/build
gmake[1]: se entra en el directorio '/home/pablo/Escritorio/TFG-repo/build/CMakeFiles/CMakeTmp'
Building C object CMakeFiles/cmTC_ebdae.dir/CheckIncludeFile.c.o
/usr/bin/clang   -Wall -fcolor-diagnostics -Wcast-qual -Wformat-pedantic -Wimplicit-fallthrough -Wsign-compare -Wno-extra -Wno-pedantic -fno-semantic-interposition -fdata-sections  -MD -MT CMakeFiles/cmTC_ebdae.dir/CheckIncludeFile.c.o -MF CMakeFiles/cmTC_ebdae.dir/CheckIncludeFile.c.o.d -o CMakeFiles/cmTC_ebdae.dir/CheckIncludeFile.c.o -c /home/pablo/Escritorio/TFG-repo/build/CMakeFiles/CMakeTmp/CheckIncludeFile.c
Linking C executable cmTC_ebdae
/usr/bin/cmake -E cmake_link_script CMakeFiles/cmTC_ebdae.dir/link.txt --verbose=1
/usr/bin/clang  -Wall -fcolor-diagnostics -Wcast-qual -Wformat-pedantic -Wimplicit-fallthrough -Wsign-compare -Wno-extra -Wno-pedantic -fno-semantic-interposition -fdata-sections  CMakeFiles/cmTC_ebdae.dir/CheckIncludeFile.c.o -o cmTC_ebdae 
gmake[1]: se sale del directorio '/home/pablo/Escritorio/TFG-repo/build/CMakeFiles/CMakeTmp'



Performing C SOURCE FILE Test CMAKE_HAVE_LIBC_PTHREAD succeeded with the following output:
Change Dir: /home/pablo/Escritorio/TFG-repo/build/CMakeFiles/CMakeTmp

Run Build Command(s):/usr/bin/gmake -f Makefile cmTC_f05ee/fast && /usr/bin/gmake  -f CMakeFiles/cmTC_f05ee.dir/build.make CMakeFiles/cmTC_f05ee.dir/build
gmake[1]: se entra en el directorio '/home/pablo/Escritorio/TFG-repo/build/CMakeFiles/CMakeTmp'
Building C object CMakeFiles/cmTC_f05ee.dir/src.c.o
/usr/bin/clang -DCMAKE_HAVE_LIBC_PTHREAD  -Wall -fcolor-diagnostics -Wcast-qual -Wformat-pedantic -Wimplicit-fallthrough -Wsign-compare -Wno-extra -Wno-pedantic -fno-semantic-interposition -fdata-sections  -MD -MT CMakeFiles/cmTC_f05ee.dir/src.c.o -MF CMakeFiles/cmTC_f05ee.dir/src.c.o.d -o CMakeFiles/cmTC_f05ee.dir/src.c.o -c /home/pablo/Escritorio/TFG-repo/build/CMakeFiles/CMakeTmp/src.c
Linking C executable cmTC_f05ee
/usr/bin/cmake -E cmake_link_script CMakeFiles/cmTC_f05ee.dir/link.txt --verbose=1
/usr/bin/clang  -Wall -fcolor-diagnostics -Wcast-qual -Wformat-pedantic -Wimplicit-fallthrough -Wsign-compare -Wno-extra -Wno-pedantic -fno-semantic-interposition -fdata-sections  CMakeFiles/cmTC_f05ee.dir/src.c.o -o cmTC_f05ee 
gmake[1]: se sale del directorio '/home/pablo/Escritorio/TFG-repo/build/CMakeFiles/CMakeTmp'


Source file was:
#include <pthread.h>

static void* test_func(void* data)
{
  return data;
}

int main(void)
{
  pthread_t thread;
  pthread_create(&thread, NULL, test_func, NULL);
  pthread_detach(thread);
  pthread_cancel(thread);
  pthread_join(thread, NULL);
  pthread_atfork(NULL, NULL, NULL);
  pthread_exit(NULL);

  return 0;
}

Determining if the include file immintrin.h exists passed with the following output:
Change Dir: /home/pablo/Escritorio/TFG-repo/build/CMakeFiles/CMakeTmp

Run Build Command(s):/usr/bin/gmake -f Makefile cmTC_2c501/fast && /usr/bin/gmake  -f CMakeFiles/cmTC_2c501.dir/build.make CMakeFiles/cmTC_2c501.dir/build
gmake[1]: se entra en el directorio '/home/pablo/Escritorio/TFG-repo/build/CMakeFiles/CMakeTmp'
Building C object CMakeFiles/cmTC_2c501.dir/CheckIncludeFile.c.o
/usr/bin/clang   -Wall -fcolor-diagnostics -Wcast-qual -Wformat-pedantic -Wimplicit-fallthrough -Wsign-compare -Wno-extra -Wno-pedantic -fno-semantic-interposition -fdata-sections  -MD -MT CMakeFiles/cmTC_2c501.dir/CheckIncludeFile.c.o -MF CMakeFiles/cmTC_2c501.dir/CheckIncludeFile.c.o.d -o CMakeFiles/cmTC_2c501.dir/CheckIncludeFile.c.o -c /home/pablo/Escritorio/TFG-repo/build/CMakeFiles/CMakeTmp/CheckIncludeFile.c
Linking C executable cmTC_2c501
/usr/bin/cmake -E cmake_link_script CMakeFiles/cmTC_2c501.dir/link.txt --verbose=1
/usr/bin/clang  -Wall -fcolor-diagnostics -Wcast-qual -Wformat-pedantic -Wimplicit-fallthrough -Wsign-compare -Wno-extra -Wno-pedantic -fno-semantic-interposition -fdata-sections  CMakeFiles/cmTC_2c501.dir/CheckIncludeFile.c.o -o cmTC_2c501 
gmake[1]: se sale del directorio '/home/pablo/Escritorio/TFG-repo/build/CMakeFiles/CMakeTmp'



Performing C++ SOURCE FILE Test LIBOMP_HAVE_ATTRIBUTE_RTM succeeded with the following output:
Change Dir: /home/pablo/Escritorio/TFG-repo/build/CMakeFiles/CMakeTmp

Run Build Command(s):/usr/bin/gmake -f Makefile cmTC_d787f/fast && /usr/bin/gmake  -f CMakeFiles/cmTC_d787f.dir/build.make CMakeFiles/cmTC_d787f.dir/build
gmake[1]: se entra en el directorio '/home/pablo/Escritorio/TFG-repo/build/CMakeFiles/CMakeTmp'
Building CXX object CMakeFiles/cmTC_d787f.dir/src.cxx.o
/usr/bin/clang++ -DLIBOMP_HAVE_ATTRIBUTE_RTM  -Wall -fcolor-diagnostics -Wcast-qual -Wformat-pedantic -Wimplicit-fallthrough -Wsign-compare -Wno-extra -Wno-pedantic -fno-semantic-interposition -fdata-sections  -std=c++17 -MD -MT CMakeFiles/cmTC_d787f.dir/src.cxx.o -MF CMakeFiles/cmTC_d787f.dir/src.cxx.o.d -o CMakeFiles/cmTC_d787f.dir/src.cxx.o -c /home/pablo/Escritorio/TFG-repo/build/CMakeFiles/CMakeTmp/src.cxx
Linking CXX executable cmTC_d787f
/usr/bin/cmake -E cmake_link_script CMakeFiles/cmTC_d787f.dir/link.txt --verbose=1
/usr/bin/clang++  -Wall -fcolor-diagnostics -Wcast-qual -Wformat-pedantic -Wimplicit-fallthrough -Wsign-compare -Wno-extra -Wno-pedantic -fno-semantic-interposition -fdata-sections  CMakeFiles/cmTC_d787f.dir/src.cxx.o -o cmTC_d787f 
gmake[1]: se sale del directorio '/home/pablo/Escritorio/TFG-repo/build/CMakeFiles/CMakeTmp'


Source file was:
__attribute__((target("rtm")))
                             int main() {return 0;}
Performing C++ SOURCE FILE Test LIBOMP_HAVE_ATTRIBUTE_WAITPKG succeeded with the following output:
Change Dir: /home/pablo/Escritorio/TFG-repo/build/CMakeFiles/CMakeTmp

Run Build Command(s):/usr/bin/gmake -f Makefile cmTC_7f0f0/fast && /usr/bin/gmake  -f CMakeFiles/cmTC_7f0f0.dir/build.make CMakeFiles/cmTC_7f0f0.dir/build
gmake[1]: se entra en el directorio '/home/pablo/Escritorio/TFG-repo/build/CMakeFiles/CMakeTmp'
Building CXX object CMakeFiles/cmTC_7f0f0.dir/src.cxx.o
/usr/bin/clang++ -DLIBOMP_HAVE_ATTRIBUTE_WAITPKG  -Wall -fcolor-diagnostics -Wcast-qual -Wformat-pedantic -Wimplicit-fallthrough -Wsign-compare -Wno-extra -Wno-pedantic -fno-semantic-interposition -fdata-sections  -std=c++17 -MD -MT CMakeFiles/cmTC_7f0f0.dir/src.cxx.o -MF CMakeFiles/cmTC_7f0f0.dir/src.cxx.o.d -o CMakeFiles/cmTC_7f0f0.dir/src.cxx.o -c /home/pablo/Escritorio/TFG-repo/build/CMakeFiles/CMakeTmp/src.cxx
Linking CXX executable cmTC_7f0f0
/usr/bin/cmake -E cmake_link_script CMakeFiles/cmTC_7f0f0.dir/link.txt --verbose=1
/usr/bin/clang++  -Wall -fcolor-diagnostics -Wcast-qual -Wformat-pedantic -Wimplicit-fallthrough -Wsign-compare -Wno-extra -Wno-pedantic -fno-semantic-interposition -fdata-sections  CMakeFiles/cmTC_7f0f0.dir/src.cxx.o -o cmTC_7f0f0 
gmake[1]: se sale del directorio '/home/pablo/Escritorio/TFG-repo/build/CMakeFiles/CMakeTmp'


Source file was:
__attribute__((target("waitpkg")))
                            int main() {return 0;}
Performing C++ SOURCE FILE Test LIBOMP_HAVE_WAITPKG_INTRINSICS succeeded with the following output:
Change Dir: /home/pablo/Escritorio/TFG-repo/build/CMakeFiles/CMakeTmp

Run Build Command(s):/usr/bin/gmake -f Makefile cmTC_e4ccb/fast && /usr/bin/gmake  -f CMakeFiles/cmTC_e4ccb.dir/build.make CMakeFiles/cmTC_e4ccb.dir/build
gmake[1]: se entra en el directorio '/home/pablo/Escritorio/TFG-repo/build/CMakeFiles/CMakeTmp'
Building CXX object CMakeFiles/cmTC_e4ccb.dir/src.cxx.o
/usr/bin/clang++ -DATTRIBUTE_RTM -DATTRIBUTE_WAITPKG -DIMMINTRIN_H -DLIBOMP_HAVE_WAITPKG_INTRINSICS  -Wall -fcolor-diagnostics -Wcast-qual -Wformat-pedantic -Wimplicit-fallthrough -Wsign-compare -Wno-extra -Wno-pedantic -fno-semantic-interposition -fdata-sections  -std=c++17 -MD -MT CMakeFiles/cmTC_e4ccb.dir/src.cxx.o -MF CMakeFiles/cmTC_e4ccb.dir/src.cxx.o.d -o CMakeFiles/cmTC_e4ccb.dir/src.cxx.o -c /home/pablo/Escritorio/TFG-repo/build/CMakeFiles/CMakeTmp/src.cxx
Linking CXX executable cmTC_e4ccb
/usr/bin/cmake -E cmake_link_script CMakeFiles/cmTC_e4ccb.dir/link.txt --verbose=1
/usr/bin/clang++  -Wall -fcolor-diagnostics -Wcast-qual -Wformat-pedantic -Wimplicit-fallthrough -Wsign-compare -Wno-extra -Wno-pedantic -fno-semantic-interposition -fdata-sections  CMakeFiles/cmTC_e4ccb.dir/src.cxx.o -o cmTC_e4ccb 
gmake[1]: se sale del directorio '/home/pablo/Escritorio/TFG-repo/build/CMakeFiles/CMakeTmp'


Source file was:
// check for attribute and wait pkg intrinsics
      #ifdef IMMINTRIN_H
      #include <immintrin.h>
      #endif
      #ifdef INTRIN_H
      #include <intrin.h>
      #endif
      #ifdef ATTRIBUTE_WAITPKG
      __attribute__((target("waitpkg")))
      #endif
      static inline int __kmp_umwait(unsigned hint, unsigned long long counter) {
        return _umwait(hint, counter);
      }
      int main() { int a = __kmp_umwait(0, 1000); return a; }
Performing C++ SOURCE FILE Test LIBOMP_HAVE_RTM_INTRINSICS succeeded with the following output:
Change Dir: /home/pablo/Escritorio/TFG-repo/build/CMakeFiles/CMakeTmp

Run Build Command(s):/usr/bin/gmake -f Makefile cmTC_5e36c/fast && /usr/bin/gmake  -f CMakeFiles/cmTC_5e36c.dir/build.make CMakeFiles/cmTC_5e36c.dir/build
gmake[1]: se entra en el directorio '/home/pablo/Escritorio/TFG-repo/build/CMakeFiles/CMakeTmp'
Building CXX object CMakeFiles/cmTC_5e36c.dir/src.cxx.o
/usr/bin/clang++ -DATTRIBUTE_RTM -DATTRIBUTE_WAITPKG -DIMMINTRIN_H -DLIBOMP_HAVE_RTM_INTRINSICS  -Wall -fcolor-diagnostics -Wcast-qual -Wformat-pedantic -Wimplicit-fallthrough -Wsign-compare -Wno-extra -Wno-pedantic -fno-semantic-interposition -fdata-sections  -std=c++17 -MD -MT CMakeFiles/cmTC_5e36c.dir/src.cxx.o -MF CMakeFiles/cmTC_5e36c.dir/src.cxx.o.d -o CMakeFiles/cmTC_5e36c.dir/src.cxx.o -c /home/pablo/Escritorio/TFG-repo/build/CMakeFiles/CMakeTmp/src.cxx
Linking CXX executable cmTC_5e36c
/usr/bin/cmake -E cmake_link_script CMakeFiles/cmTC_5e36c.dir/link.txt --verbose=1
/usr/bin/clang++  -Wall -fcolor-diagnostics -Wcast-qual -Wformat-pedantic -Wimplicit-fallthrough -Wsign-compare -Wno-extra -Wno-pedantic -fno-semantic-interposition -fdata-sections  CMakeFiles/cmTC_5e36c.dir/src.cxx.o -o cmTC_5e36c 
gmake[1]: se sale del directorio '/home/pablo/Escritorio/TFG-repo/build/CMakeFiles/CMakeTmp'


Source file was:
// check for attribute rtm and rtm intrinsics
      #ifdef IMMINTRIN_H
      #include <immintrin.h>
      #endif
      #ifdef INTRIN_H
      #include <intrin.h>
      #endif
      #ifdef ATTRIBUTE_RTM
      __attribute__((target("rtm")))
      #endif
      static inline int __kmp_xbegin() {
        return _xbegin();
      }
      int main() { int a = __kmp_xbegin(); return a; }
Performing C SOURCE FILE Test LIBOMP_HAVE_VERSION_SYMBOLS succeeded with the following output:
Change Dir: /home/pablo/Escritorio/TFG-repo/build/CMakeFiles/CMakeTmp

Run Build Command(s):/usr/bin/gmake -f Makefile cmTC_9573b/fast && /usr/bin/gmake  -f CMakeFiles/cmTC_9573b.dir/build.make CMakeFiles/cmTC_9573b.dir/build
gmake[1]: se entra en el directorio '/home/pablo/Escritorio/TFG-repo/build/CMakeFiles/CMakeTmp'
Building C object CMakeFiles/cmTC_9573b.dir/src.c.o
/usr/bin/clang -DLIBOMP_HAVE_VERSION_SYMBOLS  -Wall -fcolor-diagnostics -Wcast-qual -Wformat-pedantic -Wimplicit-fallthrough -Wsign-compare -Wno-extra -Wno-pedantic -fno-semantic-interposition -fdata-sections -Wl,--version-script=/home/pablo/Escritorio/TFG-repo/build/runtime/__version_script.txt -MD -MT CMakeFiles/cmTC_9573b.dir/src.c.o -MF CMakeFiles/cmTC_9573b.dir/src.c.o.d -o CMakeFiles/cmTC_9573b.dir/src.c.o -c /home/pablo/Escritorio/TFG-repo/build/CMakeFiles/CMakeTmp/src.c
clang: [0;1;35mwarning: [0m[1m-Wl,--version-script=/home/pablo/Escritorio/TFG-repo/build/runtime/__version_script.txt: 'linker' input unused [-Wunused-command-line-argument][0m
Linking C executable cmTC_9573b
/usr/bin/cmake -E cmake_link_script CMakeFiles/cmTC_9573b.dir/link.txt --verbose=1
/usr/bin/clang  -Wall -fcolor-diagnostics -Wcast-qual -Wformat-pedantic -Wimplicit-fallthrough -Wsign-compare -Wno-extra -Wno-pedantic -fno-semantic-interposition -fdata-sections -Wl,--version-script=/home/pablo/Escritorio/TFG-repo/build/runtime/__version_script.txt CMakeFiles/cmTC_9573b.dir/src.c.o -o cmTC_9573b 
gmake[1]: se sale del directorio '/home/pablo/Escritorio/TFG-repo/build/CMakeFiles/CMakeTmp'


Source file was:
#include <stdio.h>
    void func1() { printf("Hello"); }
    void func2() { printf("World"); }
    __asm__(".symver func1, func@VER1");
    __asm__(".symver func2, func@VER2");
    int main(void) {
      func1();
      func2();
      return 0;
    }
Performing C SOURCE FILE Test LIBOMP_HAVE___BUILTIN_FRAME_ADDRESS succeeded with the following output:
Change Dir: /home/pablo/Escritorio/TFG-repo/build/CMakeFiles/CMakeTmp

Run Build Command(s):/usr/bin/gmake -f Makefile cmTC_0d022/fast && /usr/bin/gmake  -f CMakeFiles/cmTC_0d022.dir/build.make CMakeFiles/cmTC_0d022.dir/build
gmake[1]: se entra en el directorio '/home/pablo/Escritorio/TFG-repo/build/CMakeFiles/CMakeTmp'
Building C object CMakeFiles/cmTC_0d022.dir/src.c.o
/usr/bin/clang -DLIBOMP_HAVE___BUILTIN_FRAME_ADDRESS  -Wall -fcolor-diagnostics -Wcast-qual -Wformat-pedantic -Wimplicit-fallthrough -Wsign-compare -Wno-extra -Wno-pedantic -fno-semantic-interposition -fdata-sections  -MD -MT CMakeFiles/cmTC_0d022.dir/src.c.o -MF CMakeFiles/cmTC_0d022.dir/src.c.o.d -o CMakeFiles/cmTC_0d022.dir/src.c.o -c /home/pablo/Escritorio/TFG-repo/build/CMakeFiles/CMakeTmp/src.c
[1m/home/pablo/Escritorio/TFG-repo/build/CMakeFiles/CMakeTmp/src.c:2:9: [0m[0;1;35mwarning: [0m[1munused variable 'p' [-Wunused-variable][0m
  void* p = __builtin_frame_address(0);
[0;1;32m        ^
[0m1 warning generated.
Linking C executable cmTC_0d022
/usr/bin/cmake -E cmake_link_script CMakeFiles/cmTC_0d022.dir/link.txt --verbose=1
/usr/bin/clang  -Wall -fcolor-diagnostics -Wcast-qual -Wformat-pedantic -Wimplicit-fallthrough -Wsign-compare -Wno-extra -Wno-pedantic -fno-semantic-interposition -fdata-sections  CMakeFiles/cmTC_0d022.dir/src.c.o -o cmTC_0d022 
gmake[1]: se sale del directorio '/home/pablo/Escritorio/TFG-repo/build/CMakeFiles/CMakeTmp'


Source file was:
int main(int argc, char** argv) {
  void* p = __builtin_frame_address(0);
  return 0;}
Performing C SOURCE FILE Test LIBOMP_HAVE_WEAK_ATTRIBUTE succeeded with the following output:
Change Dir: /home/pablo/Escritorio/TFG-repo/build/CMakeFiles/CMakeTmp

Run Build Command(s):/usr/bin/gmake -f Makefile cmTC_7cd5b/fast && /usr/bin/gmake  -f CMakeFiles/cmTC_7cd5b.dir/build.make CMakeFiles/cmTC_7cd5b.dir/build
gmake[1]: se entra en el directorio '/home/pablo/Escritorio/TFG-repo/build/CMakeFiles/CMakeTmp'
Building C object CMakeFiles/cmTC_7cd5b.dir/src.c.o
/usr/bin/clang -DLIBOMP_HAVE_WEAK_ATTRIBUTE  -Wall -fcolor-diagnostics -Wcast-qual -Wformat-pedantic -Wimplicit-fallthrough -Wsign-compare -Wno-extra -Wno-pedantic -fno-semantic-interposition -fdata-sections  -MD -MT CMakeFiles/cmTC_7cd5b.dir/src.c.o -MF CMakeFiles/cmTC_7cd5b.dir/src.c.o.d -o CMakeFiles/cmTC_7cd5b.dir/src.c.o -c /home/pablo/Escritorio/TFG-repo/build/CMakeFiles/CMakeTmp/src.c
Linking C executable cmTC_7cd5b
/usr/bin/cmake -E cmake_link_script CMakeFiles/cmTC_7cd5b.dir/link.txt --verbose=1
/usr/bin/clang  -Wall -fcolor-diagnostics -Wcast-qual -Wformat-pedantic -Wimplicit-fallthrough -Wsign-compare -Wno-extra -Wno-pedantic -fno-semantic-interposition -fdata-sections  CMakeFiles/cmTC_7cd5b.dir/src.c.o -o cmTC_7cd5b 
gmake[1]: se sale del directorio '/home/pablo/Escritorio/TFG-repo/build/CMakeFiles/CMakeTmp'


Source file was:
__attribute__ ((weak)) int foo(int a) { return a*a; }
  int main(int argc, char** argv) {
  return foo(argc);}
Determining if the function sqrt exists in the m passed with the following output:
Change Dir: /home/pablo/Escritorio/TFG-repo/build/CMakeFiles/CMakeTmp

Run Build Command(s):/usr/bin/gmake -f Makefile cmTC_63a53/fast && /usr/bin/gmake  -f CMakeFiles/cmTC_63a53.dir/build.make CMakeFiles/cmTC_63a53.dir/build
gmake[1]: se entra en el directorio '/home/pablo/Escritorio/TFG-repo/build/CMakeFiles/CMakeTmp'
Building C object CMakeFiles/cmTC_63a53.dir/CheckFunctionExists.c.o
/usr/bin/clang   -Wall -fcolor-diagnostics -Wcast-qual -Wformat-pedantic -Wimplicit-fallthrough -Wsign-compare -Wno-extra -Wno-pedantic -fno-semantic-interposition -fdata-sections -DCHECK_FUNCTION_EXISTS=sqrt -MD -MT CMakeFiles/cmTC_63a53.dir/CheckFunctionExists.c.o -MF CMakeFiles/cmTC_63a53.dir/CheckFunctionExists.c.o.d -o CMakeFiles/cmTC_63a53.dir/CheckFunctionExists.c.o -c /usr/share/cmake-3.22/Modules/CheckFunctionExists.c
[1m/usr/share/cmake-3.22/Modules/CheckFunctionExists.c:7:3: [0m[0;1;35mwarning: [0m[1mincompatible redeclaration of library function 'sqrt' [-Wincompatible-library-redeclaration][0m
  CHECK_FUNCTION_EXISTS(void);
[0;1;32m  ^
[0m[1m<command line>:1:31: [0m[0;1;30mnote: [0mexpanded from here[0m
#define CHECK_FUNCTION_EXISTS sqrt
[0;1;32m                              ^
[0m[1m/usr/share/cmake-3.22/Modules/CheckFunctionExists.c:7:3: [0m[0;1;30mnote: [0m'sqrt' is a builtin with type 'double (double)'[0m
[1m<command line>:1:31: [0m[0;1;30mnote: [0mexpanded from here[0m
#define CHECK_FUNCTION_EXISTS sqrt
[0;1;32m                              ^
[0m1 warning generated.
Linking C executable cmTC_63a53
/usr/bin/cmake -E cmake_link_script CMakeFiles/cmTC_63a53.dir/link.txt --verbose=1
/usr/bin/clang  -Wall -fcolor-diagnostics -Wcast-qual -Wformat-pedantic -Wimplicit-fallthrough -Wsign-compare -Wno-extra -Wno-pedantic -fno-semantic-interposition -fdata-sections -DCHECK_FUNCTION_EXISTS=sqrt CMakeFiles/cmTC_63a53.dir/CheckFunctionExists.c.o -o cmTC_63a53  -lm 
gmake[1]: se sale del directorio '/home/pablo/Escritorio/TFG-repo/build/CMakeFiles/CMakeTmp'



Determining if the function __atomic_load_1 exists in the atomic passed with the following output:
Change Dir: /home/pablo/Escritorio/TFG-repo/build/CMakeFiles/CMakeTmp

Run Build Command(s):/usr/bin/gmake -f Makefile cmTC_42363/fast && /usr/bin/gmake  -f CMakeFiles/cmTC_42363.dir/build.make CMakeFiles/cmTC_42363.dir/build
gmake[1]: se entra en el directorio '/home/pablo/Escritorio/TFG-repo/build/CMakeFiles/CMakeTmp'
Building C object CMakeFiles/cmTC_42363.dir/CheckFunctionExists.c.o
/usr/bin/clang   -Wall -fcolor-diagnostics -Wcast-qual -Wformat-pedantic -Wimplicit-fallthrough -Wsign-compare -Wno-extra -Wno-pedantic -fno-semantic-interposition -fdata-sections -DCHECK_FUNCTION_EXISTS=__atomic_load_1 -MD -MT CMakeFiles/cmTC_42363.dir/CheckFunctionExists.c.o -MF CMakeFiles/cmTC_42363.dir/CheckFunctionExists.c.o.d -o CMakeFiles/cmTC_42363.dir/CheckFunctionExists.c.o -c /usr/share/cmake-3.22/Modules/CheckFunctionExists.c
Linking C executable cmTC_42363
/usr/bin/cmake -E cmake_link_script CMakeFiles/cmTC_42363.dir/link.txt --verbose=1
/usr/bin/clang  -Wall -fcolor-diagnostics -Wcast-qual -Wformat-pedantic -Wimplicit-fallthrough -Wsign-compare -Wno-extra -Wno-pedantic -fno-semantic-interposition -fdata-sections -DCHECK_FUNCTION_EXISTS=__atomic_load_1 CMakeFiles/cmTC_42363.dir/CheckFunctionExists.c.o -o cmTC_42363  -latomic 
gmake[1]: se sale del directorio '/home/pablo/Escritorio/TFG-repo/build/CMakeFiles/CMakeTmp'



Determining if the function __atomic_load_1 exists in the atomic passed with the following output:
Change Dir: /home/pablo/Escritorio/TFG-repo/build/CMakeFiles/CMakeTmp

Run Build Command(s):/usr/bin/gmake -f Makefile cmTC_4a437/fast && /usr/bin/gmake  -f CMakeFiles/cmTC_4a437.dir/build.make CMakeFiles/cmTC_4a437.dir/build
gmake[1]: se entra en el directorio '/home/pablo/Escritorio/TFG-repo/build/CMakeFiles/CMakeTmp'
Building C object CMakeFiles/cmTC_4a437.dir/CheckFunctionExists.c.o
/usr/bin/clang   -Wall -fcolor-diagnostics -Wcast-qual -Wformat-pedantic -Wimplicit-fallthrough -Wsign-compare -Wno-extra -Wno-pedantic -fno-semantic-interposition -fdata-sections -DCHECK_FUNCTION_EXISTS=__atomic_load_1 -MD -MT CMakeFiles/cmTC_4a437.dir/CheckFunctionExists.c.o -MF CMakeFiles/cmTC_4a437.dir/CheckFunctionExists.c.o.d -o CMakeFiles/cmTC_4a437.dir/CheckFunctionExists.c.o -c /usr/share/cmake-3.22/Modules/CheckFunctionExists.c
Linking C executable cmTC_4a437
/usr/bin/cmake -E cmake_link_script CMakeFiles/cmTC_4a437.dir/link.txt --verbose=1
/usr/bin/clang  -Wall -fcolor-diagnostics -Wcast-qual -Wformat-pedantic -Wimplicit-fallthrough -Wsign-compare -Wno-extra -Wno-pedantic -fno-semantic-interposition -fdata-sections -DCHECK_FUNCTION_EXISTS=__atomic_load_1 CMakeFiles/cmTC_4a437.dir/CheckFunctionExists.c.o -o cmTC_4a437  -latomic 
gmake[1]: se sale del directorio '/home/pablo/Escritorio/TFG-repo/build/CMakeFiles/CMakeTmp'



